2017-02-10 00:02:02,297 INFO BowlingPointsConsumer.Program - Calculated correctly for INPUT: {"points":[[6,4],[2,6],[1,5],[2,2]],"token":"zUmHulXghmGm0MyjDuhrswHboSMUUFN4"}, OUTPUT: {"token":"zUmHulXghmGm0MyjDuhrswHboSMUUFN4","points":[12,20,26,30]}
2017-02-10 00:03:01,868 INFO BowlingPointsConsumer.Program - Calculated correctly for INPUT: {"points":[[10,0],[10,0],[10,0],[10,0],[10,0],[10,0],[10,0],[10,0],[10,0],[10,0],[10,10]],"token":"ksfVjZPrDbJtz7EOkfU6hJlPPiD87ubP"}, OUTPUT: {"token":"ksfVjZPrDbJtz7EOkfU6hJlPPiD87ubP","points":[30,60,90,120,150,180,210,240,270,300]}
2017-02-10 00:04:02,004 INFO BowlingPointsConsumer.Program - Calculated correctly for INPUT: {"points":[[7,0],[2,6],[8,1],[1,0],[0,9]],"token":"qDl0NWmPzzMbvtLf3ReJmJGafwBWp2dR"}, OUTPUT: {"token":"qDl0NWmPzzMbvtLf3ReJmJGafwBWp2dR","points":[7,15,24,25,34]}
2017-02-10 00:05:01,637 INFO BowlingPointsConsumer.Program - Calculated correctly for INPUT: {"points":[[10,0],[10,0],[10,0],[10,0],[10,0],[10,0],[10,0],[10,0],[10,0],[10,0],[10,10]],"token":"fjktCbUIk4Me394mOt1zdL2JFakkimBj"}, OUTPUT: {"token":"fjktCbUIk4Me394mOt1zdL2JFakkimBj","points":[30,60,90,120,150,180,210,240,270,300]}
2017-02-10 00:06:01,898 INFO BowlingPointsConsumer.Program - Calculated correctly for INPUT: {"points":[[8,2],[8,2],[4,6],[1,2],[0,6],[6,4],[5,2]],"token":"RFjkOleZmEQTlSZIOo9xtuCo4pR77UBz"}, OUTPUT: {"token":"RFjkOleZmEQTlSZIOo9xtuCo4pR77UBz","points":[18,32,43,46,52,67,74]}
2017-02-10 00:07:02,289 INFO BowlingPointsConsumer.Program - Calculated correctly for INPUT: {"points":[[8,1],[0,0]],"token":"vZx8gw2QO7DTz7YdlspKSQNuZ0IsE9iJ"}, OUTPUT: {"token":"vZx8gw2QO7DTz7YdlspKSQNuZ0IsE9iJ","points":[9,9]}
2017-02-10 00:08:01,792 INFO BowlingPointsConsumer.Program - Calculated correctly for INPUT: {"points":[[10,0],[8,1],[6,1],[10,0],[7,3],[7,2],[10,0],[6,0],[8,2],[7,1]],"token":"qqPausBYmQUasEon2lgQ8UlZKhHjGhmX"}, OUTPUT: {"token":"qqPausBYmQUasEon2lgQ8UlZKhHjGhmX","points":[19,28,35,55,72,81,97,103,120,128]}
2017-02-10 00:09:01,979 INFO BowlingPointsConsumer.Program - Calculated correctly for INPUT: {"points":[[3,1],[2,3],[6,1],[7,1]],"token":"ooaMq3XjUKxqKLGGrTJnTJU2ZKLVNFtY"}, OUTPUT: {"token":"ooaMq3XjUKxqKLGGrTJnTJU2ZKLVNFtY","points":[4,9,16,24]}
2017-02-10 00:10:02,356 INFO BowlingPointsConsumer.Program - Calculated correctly for INPUT: {"points":[[10,0],[2,6],[8,0],[6,2]],"token":"VEAXRUfaZ0CSgJq0UxazjMIeE3uvxBty"}, OUTPUT: {"token":"VEAXRUfaZ0CSgJq0UxazjMIeE3uvxBty","points":[18,26,34,42]}
2017-02-10 00:11:01,476 WARN BowlingPointsConsumer.Program - Calculated wrongly for INPUT: {"points":[[0,4],[4,1],[7,2],[7,1],[10,0],[4,2],[7,0],[5,5]],"token":"x41CVeN86wlkNiSRgwGMgrN1s5tvWlXo"}, OUTPUT: {"token":"x41CVeN86wlkNiSRgwGMgrN1s5tvWlXo","points":[4,9,18,26,42,48,55]}
2017-02-10 00:12:01,827 INFO BowlingPointsConsumer.Program - Calculated correctly for INPUT: {"points":[[6,0],[3,4],[7,3],[5,0],[3,6],[6,3],[10,0],[1,6],[0,8]],"token":"7YpSTfaRGcP3x3glRxJPKlsGgrC35HJF"}, OUTPUT: {"token":"7YpSTfaRGcP3x3glRxJPKlsGgrC35HJF","points":[6,13,28,33,42,51,68,75,83]}
2017-02-10 00:13:01,955 INFO BowlingPointsConsumer.Program - Calculated correctly for INPUT: {"points":[[2,8],[4,1],[8,1],[10,0],[0,10],[7,3],[0,7],[2,4]],"token":"OXtJNzYywql0DES5o50jA3SVF8tIkJqE"}, OUTPUT: {"token":"OXtJNzYywql0DES5o50jA3SVF8tIkJqE","points":[14,19,28,48,65,75,82,88]}
2017-02-10 00:14:01,638 INFO BowlingPointsConsumer.Program - Calculated correctly for INPUT: {"points":[[10,0],[10,0],[10,0],[10,0],[10,0],[10,0],[10,0],[10,0],[10,0],[10,0],[10,10]],"token":"xkn8ty5Y8WwoG3Ga8kDLcXSQjdv0N6t7"}, OUTPUT: {"token":"xkn8ty5Y8WwoG3Ga8kDLcXSQjdv0N6t7","points":[30,60,90,120,150,180,210,240,270,300]}
2017-02-10 00:15:02,039 INFO BowlingPointsConsumer.Program - Calculated correctly for INPUT: {"points":[[3,4],[6,1],[7,3],[3,4],[10,0],[0,8],[7,2]],"token":"ns08fUqeaTgNbyliP3tWfbR83ljwbPIQ"}, OUTPUT: {"token":"ns08fUqeaTgNbyliP3tWfbR83ljwbPIQ","points":[7,14,27,34,52,60,69]}
2017-02-10 00:16:01,896 INFO BowlingPointsConsumer.Program - Calculated correctly for INPUT: {"points":[[1,0]],"token":"xrWmwEaZXsm6cW7Ozq7VRG3JkrUpiY6L"}, OUTPUT: {"token":"xrWmwEaZXsm6cW7Ozq7VRG3JkrUpiY6L","points":[1]}
2017-02-10 00:17:01,843 INFO BowlingPointsConsumer.Program - Calculated correctly for INPUT: {"points":[[7,3],[3,2]],"token":"dyTScLPDWT1e1QXAvRiQujeI280VKzG9"}, OUTPUT: {"token":"dyTScLPDWT1e1QXAvRiQujeI280VKzG9","points":[13,18]}
2017-02-11 11:00:14,614 INFO BowlingPointsConsumer.Program - Calculated correctly for INPUT: {"points":[[8,1],[4,0],[1,5],[1,6],[6,4],[2,6],[0,10],[0,6],[8,1]],"token":"G5kBFqBqUTnNL7pljZlhxgD2eDaoEWiO"}, OUTPUT: {"token":"G5kBFqBqUTnNL7pljZlhxgD2eDaoEWiO","points":[9,13,19,26,38,46,56,62,71]}
2017-02-11 11:01:18,941 INFO BowlingPointsConsumer.Program - Calculated correctly for INPUT: {"points":[[2,3],[2,7],[1,9],[4,0]],"token":"G2hLCKiOqIoRSldS13JFqtLJ0LkyxTu9"}, OUTPUT: {"token":"G2hLCKiOqIoRSldS13JFqtLJ0LkyxTu9","points":[5,14,28,32]}
2017-02-11 11:02:05,722 INFO BowlingPointsConsumer.Program - Calculated correctly for INPUT: {"points":[[8,1],[3,3],[0,2],[2,7]],"token":"BFVgyCRqr5eDujr6n78kl4vmz96JLKxn"}, OUTPUT: {"token":"BFVgyCRqr5eDujr6n78kl4vmz96JLKxn","points":[9,15,17,26]}
2017-02-11 11:03:09,782 INFO BowlingPointsConsumer.Program - Calculated correctly for INPUT: {"points":[[7,0],[2,3],[9,1],[6,0]],"token":"fWmRAiJ1XPjlsW8ZWMLFJfPTTKVcSTSE"}, OUTPUT: {"token":"fWmRAiJ1XPjlsW8ZWMLFJfPTTKVcSTSE","points":[7,12,28,34]}
2017-02-11 11:04:01,810 WARN BowlingPointsConsumer.Program - Calculated wrongly for INPUT: {"points":[[9,0],[9,0],[10,0]],"token":"Vhp1PxUtzj3sLBjjKTghumGbI5Dflm9u"}, OUTPUT: {"token":"Vhp1PxUtzj3sLBjjKTghumGbI5Dflm9u","points":[9,18]}
2017-02-11 11:05:02,108 INFO BowlingPointsConsumer.Program - Calculated correctly for INPUT: {"points":[[10,0],[10,0],[10,0],[10,0],[10,0],[10,0],[10,0],[10,0],[10,0],[10,0],[10,10]],"token":"ZiGU9mu7HoVjgXIUr6QWy370NSN9EARu"}, OUTPUT: {"token":"ZiGU9mu7HoVjgXIUr6QWy370NSN9EARu","points":[30,60,90,120,150,180,210,240,270,300]}
2017-02-11 11:06:02,400 WARN BowlingPointsConsumer.Program - Calculated wrongly for INPUT: {"points":[[10,0],[8,2],[8,1],[1,3],[1,5],[9,0],[1,1],[3,0],[0,10]],"token":"QsycrXDxeaSRLgm6rZINQU81xpmIbT45"}, OUTPUT: {"token":"QsycrXDxeaSRLgm6rZINQU81xpmIbT45","points":[20,38,47,51,57,66,68,71]}
2017-02-11 11:07:02,882 INFO BowlingPointsConsumer.Program - Calculated correctly for INPUT: {"points":[[1,8],[3,7],[2,6],[10,0],[3,0],[0,10],[10,0],[7,3],[2,6],[5,5],[2,0]],"token":"XbGDauPufkqbLx6ezGnQk74XmgZYMpDX"}, OUTPUT: {"token":"XbGDauPufkqbLx6ezGnQk74XmgZYMpDX","points":[9,21,29,42,45,65,85,97,105,117]}
2017-02-11 11:08:01,158 INFO BowlingPointsConsumer.Program - Calculated correctly for INPUT: {"points":[[10,0],[10,0],[0,0],[7,1],[5,5],[8,2],[7,3],[8,0],[0,1]],"token":"g8PjyN26Y0kewFNLqRfjMsJ7XlALtvnL"}, OUTPUT: {"token":"g8PjyN26Y0kewFNLqRfjMsJ7XlALtvnL","points":[20,30,30,38,56,73,91,99,100]}
2017-02-11 11:09:01,961 WARN BowlingPointsConsumer.Program - Calculated wrongly for INPUT: {"points":[[5,3],[3,4],[9,1]],"token":"UmC2GBE4OhCssVwkpEEo2LqXVoJ9OxYj"}, OUTPUT: {"token":"UmC2GBE4OhCssVwkpEEo2LqXVoJ9OxYj","points":[8,15]}
2017-02-11 11:10:02,286 INFO BowlingPointsConsumer.Program - Calculated correctly for INPUT: {"points":[[4,0],[10,0],[3,7],[7,1]],"token":"nutnxErvVTSy3QEayz3X4P5mHGQ39RsI"}, OUTPUT: {"token":"nutnxErvVTSy3QEayz3X4P5mHGQ39RsI","points":[4,24,41,49]}
2017-02-11 11:11:01,754 INFO BowlingPointsConsumer.Program - Calculated correctly for INPUT: {"points":[[9,0],[5,4],[5,2],[0,7],[3,2],[6,2]],"token":"2Calm5MxSbCxiyPxKAiGlqIoTXGyiCWd"}, OUTPUT: {"token":"2Calm5MxSbCxiyPxKAiGlqIoTXGyiCWd","points":[9,18,25,32,37,45]}
2017-02-11 11:12:02,657 WARN BowlingPointsConsumer.Program - Calculated wrongly for INPUT: {"points":[[10,0]],"token":"sWMYI9foMUwf5g255iqQUKjDaqtRbSL5"}, OUTPUT: {"token":"sWMYI9foMUwf5g255iqQUKjDaqtRbSL5","points":[]}
2017-02-11 11:13:01,733 INFO BowlingPointsConsumer.Program - Calculated correctly for INPUT: {"points":[[2,7],[4,3]],"token":"eSw0YLPkiowKkGrJZZc0z2FfTR3Qqy4f"}, OUTPUT: {"token":"eSw0YLPkiowKkGrJZZc0z2FfTR3Qqy4f","points":[9,16]}
2017-02-11 11:14:01,975 INFO BowlingPointsConsumer.Program - Calculated correctly for INPUT: {"points":[[8,1]],"token":"NuD80fZmx0GBrCOqydlmCZAO3Ygq334V"}, OUTPUT: {"token":"NuD80fZmx0GBrCOqydlmCZAO3Ygq334V","points":[9]}
2017-02-11 11:15:02,589 WARN BowlingPointsConsumer.Program - Calculated wrongly for INPUT: {"points":[[3,4],[3,7],[5,3],[6,0],[5,4],[9,0],[9,1]],"token":"nFbbS3CzTIiWH7UWGUjslms6XHJTFUxl"}, OUTPUT: {"token":"nFbbS3CzTIiWH7UWGUjslms6XHJTFUxl","points":[7,22,30,36,45,54]}
2017-02-11 11:16:01,757 INFO BowlingPointsConsumer.Program - Calculated correctly for INPUT: {"points":[[0,9],[4,6],[7,1]],"token":"IZvJK8DRleI6WeY7SWw7fziz2Qgtipmx"}, OUTPUT: {"token":"IZvJK8DRleI6WeY7SWw7fziz2Qgtipmx","points":[9,26,34]}
2017-02-11 11:17:02,033 WARN BowlingPointsConsumer.Program - Calculated wrongly for INPUT: {"points":[[2,8],[5,5],[10,0]],"token":"mY2RGRTetmwRV27nmrq8eudr9pvvtTGJ"}, OUTPUT: {"token":"mY2RGRTetmwRV27nmrq8eudr9pvvtTGJ","points":[15,35]}
2017-02-11 11:18:02,085 WARN BowlingPointsConsumer.Program - Calculated wrongly for INPUT: {"points":[[5,0],[8,1],[8,0],[8,1],[7,3],[10,0]],"token":"JTMODMzwPeNoXE5ZQ87Regg60lEfPBD0"}, OUTPUT: {"token":"JTMODMzwPeNoXE5ZQ87Regg60lEfPBD0","points":[5,14,22,31,51]}
2017-02-11 11:19:02,117 INFO BowlingPointsConsumer.Program - Calculated correctly for INPUT: {"points":[[0,9]],"token":"4E1PcWjDPqf5zLMI1GGzh3uFg1ZA1cLj"}, OUTPUT: {"token":"4E1PcWjDPqf5zLMI1GGzh3uFg1ZA1cLj","points":[9]}
2017-02-11 11:20:02,402 INFO BowlingPointsConsumer.Program - Calculated correctly for INPUT: {"points":[[4,4]],"token":"wA2LzSH31whLhqyWXkd10NAujXncMcXc"}, OUTPUT: {"token":"wA2LzSH31whLhqyWXkd10NAujXncMcXc","points":[8]}
2017-02-11 11:21:01,863 INFO BowlingPointsConsumer.Program - Calculated correctly for INPUT: {"points":[[7,2],[1,9],[5,3]],"token":"fAlewZYJmIgq3nPNTPA774LDYQITAc7A"}, OUTPUT: {"token":"fAlewZYJmIgq3nPNTPA774LDYQITAc7A","points":[9,24,32]}
2017-02-11 11:22:01,822 INFO BowlingPointsConsumer.Program - Calculated correctly for INPUT: {"points":[[7,3],[10,0],[10,0],[2,4],[1,7]],"token":"IAaOXiT2YMgELFkI0CKrHpB7hV7ViQgE"}, OUTPUT: {"token":"IAaOXiT2YMgELFkI0CKrHpB7hV7ViQgE","points":[20,42,58,64,72]}
2017-02-11 11:23:02,003 INFO BowlingPointsConsumer.Program - Calculated correctly for INPUT: {"points":[[10,0],[10,0],[10,0],[10,0],[10,0],[10,0],[10,0],[10,0],[10,0],[10,0],[10,10]],"token":"eGRzlC0fjMbYOap8dfTmnSepsMmEOGSz"}, OUTPUT: {"token":"eGRzlC0fjMbYOap8dfTmnSepsMmEOGSz","points":[30,60,90,120,150,180,210,240,270,300]}
2017-02-11 11:24:01,894 INFO BowlingPointsConsumer.Program - Calculated correctly for INPUT: {"points":[[2,0],[8,0],[3,7],[2,5],[10,0],[6,0],[8,2],[0,1],[2,3]],"token":"0FvW9CuhoCOrC9fHh9AiOwJhs7y9FgDq"}, OUTPUT: {"token":"0FvW9CuhoCOrC9fHh9AiOwJhs7y9FgDq","points":[2,10,22,29,45,51,61,62,67]}
2017-02-11 11:25:01,957 INFO BowlingPointsConsumer.Program - Calculated correctly for INPUT: {"points":[[0,9],[2,3],[2,6],[6,0],[1,9],[1,8],[3,1],[1,0],[8,1],[7,3],[3,0]],"token":"7YRpGTVJcPAit78vK63veWq2gCegJk5X"}, OUTPUT: {"token":"7YRpGTVJcPAit78vK63veWq2gCegJk5X","points":[9,14,22,28,39,48,52,53,62,75]}
2017-02-11 11:26:02,297 INFO BowlingPointsConsumer.Program - Calculated correctly for INPUT: {"points":[[0,10],[7,2]],"token":"xYI9pD8ateyIMreokHwGMZnuVhcohC6g"}, OUTPUT: {"token":"xYI9pD8ateyIMreokHwGMZnuVhcohC6g","points":[17,26]}
2017-02-11 11:27:01,690 INFO BowlingPointsConsumer.Program - Calculated correctly for INPUT: {"points":[[2,7],[1,8],[2,2],[3,2],[1,1]],"token":"Uq8LeYq1JDqU71Hd6TSY5GmzVZW4lqcC"}, OUTPUT: {"token":"Uq8LeYq1JDqU71Hd6TSY5GmzVZW4lqcC","points":[9,18,22,27,29]}
2017-02-11 11:28:02,498 INFO BowlingPointsConsumer.Program - Calculated correctly for INPUT: {"points":[[8,0],[6,0],[6,2],[9,1],[4,1],[1,5],[9,1],[8,2],[6,4],[8,2],[1,0]],"token":"vaUA0BO8bajp4sAfbIQYTE4MESc7kzxq"}, OUTPUT: {"token":"vaUA0BO8bajp4sAfbIQYTE4MESc7kzxq","points":[8,14,22,36,41,47,65,81,99,110]}
2017-02-11 11:29:02,020 WARN BowlingPointsConsumer.Program - Calculated wrongly for INPUT: {"points":[[4,0],[2,0],[7,1],[10,0],[0,3],[2,6],[2,1],[3,1],[10,0]],"token":"bS4JNxtqfapGIldJE2fyOB1eeahvoOjs"}, OUTPUT: {"token":"bS4JNxtqfapGIldJE2fyOB1eeahvoOjs","points":[4,6,14,27,30,38,41,45]}
2017-02-11 11:30:01,987 INFO BowlingPointsConsumer.Program - Calculated correctly for INPUT: {"points":[[10,0],[10,0],[10,0],[10,0],[10,0],[10,0],[10,0],[10,0],[10,0],[10,0],[10,10]],"token":"FiJM02dW2lu2GViJJwiOoOkhXY09jt7G"}, OUTPUT: {"token":"FiJM02dW2lu2GViJJwiOoOkhXY09jt7G","points":[30,60,90,120,150,180,210,240,270,300]}
2017-02-11 11:31:01,946 INFO BowlingPointsConsumer.Program - Calculated correctly for INPUT: {"points":[[2,2],[10,0],[6,4],[4,2],[7,1],[10,0],[4,1],[0,0]],"token":"XbehS4TiaBbaqmIUmUQFhwKiZgO4no6s"}, OUTPUT: {"token":"XbehS4TiaBbaqmIUmUQFhwKiZgO4no6s","points":[4,24,38,44,52,67,72,72]}
2017-02-11 11:32:02,163 INFO BowlingPointsConsumer.Program - Calculated correctly for INPUT: {"points":[[2,2],[5,3],[1,7],[1,1],[0,7]],"token":"K4T2GuhtMCaqLh0x1FiOnHAPoli7NZ1B"}, OUTPUT: {"token":"K4T2GuhtMCaqLh0x1FiOnHAPoli7NZ1B","points":[4,12,20,22,29]}
2017-02-11 11:33:02,107 WARN BowlingPointsConsumer.Program - Calculated wrongly for INPUT: {"points":[[9,1],[9,1],[10,0],[9,1]],"token":"FjAlg4k7e66hB8Fd7vJoX1F9Nk865LqY"}, OUTPUT: {"token":"FjAlg4k7e66hB8Fd7vJoX1F9Nk865LqY","points":[19,39,59]}
2017-02-11 11:34:01,906 INFO BowlingPointsConsumer.Program - Calculated correctly for INPUT: {"points":[[10,0],[10,0],[10,0],[10,0],[10,0],[10,0],[10,0],[10,0],[10,0],[10,0],[10,10]],"token":"z7J801F90No1bigcc0ZgvWs9HXEFm34D"}, OUTPUT: {"token":"z7J801F90No1bigcc0ZgvWs9HXEFm34D","points":[30,60,90,120,150,180,210,240,270,300]}
2017-02-11 11:35:02,217 WARN BowlingPointsConsumer.Program - Calculated wrongly for INPUT: {"points":[[4,2],[10,0],[7,1],[10,0]],"token":"zMF448lO4hvLZYrVvqVnSP2tu8M0RNdM"}, OUTPUT: {"token":"zMF448lO4hvLZYrVvqVnSP2tu8M0RNdM","points":[6,24,32]}
2017-02-11 11:36:02,223 INFO BowlingPointsConsumer.Program - Calculated correctly for INPUT: {"points":[[1,6],[2,4],[8,0],[1,6],[10,0],[6,2],[9,0],[5,0]],"token":"mIA580FcXcNy5upxFGn0Acsrz3OzsMTg"}, OUTPUT: {"token":"mIA580FcXcNy5upxFGn0Acsrz3OzsMTg","points":[7,13,21,28,46,54,63,68]}
2017-02-11 11:37:02,030 INFO BowlingPointsConsumer.Program - Calculated correctly for INPUT: {"points":[[3,3],[2,5],[7,2]],"token":"be0R8tVftQRnXj1OiYt4gmxnLKblx9Te"}, OUTPUT: {"token":"be0R8tVftQRnXj1OiYt4gmxnLKblx9Te","points":[6,13,22]}
2017-02-11 11:38:02,245 INFO BowlingPointsConsumer.Program - Calculated correctly for INPUT: {"points":[[8,1],[3,1],[8,1]],"token":"CSYPrHz4QO3e5C206O5Nvk1TPICNJx8j"}, OUTPUT: {"token":"CSYPrHz4QO3e5C206O5Nvk1TPICNJx8j","points":[9,13,22]}
2017-02-11 11:39:02,141 INFO BowlingPointsConsumer.Program - Calculated correctly for INPUT: {"points":[[10,0],[2,7],[2,0]],"token":"w8MeLQX9FgeYATiBwgTr2WH0Cl7O6HPx"}, OUTPUT: {"token":"w8MeLQX9FgeYATiBwgTr2WH0Cl7O6HPx","points":[19,28,30]}
2017-02-11 11:40:02,064 INFO BowlingPointsConsumer.Program - Calculated correctly for INPUT: {"points":[[0,6],[6,1],[9,1],[7,1],[5,0],[8,0],[3,5],[2,6],[9,0]],"token":"Bl6aabKsXqJyaOe7ExHxUVd51ndEZgoh"}, OUTPUT: {"token":"Bl6aabKsXqJyaOe7ExHxUVd51ndEZgoh","points":[6,13,30,38,43,51,59,67,76]}
2017-02-11 11:41:01,978 INFO BowlingPointsConsumer.Program - Calculated correctly for INPUT: {"points":[[8,1],[6,1],[0,8],[0,1]],"token":"uVqkN1rsFGr7sb7SZb4P9oie1N7gBB94"}, OUTPUT: {"token":"uVqkN1rsFGr7sb7SZb4P9oie1N7gBB94","points":[9,16,24,25]}
2017-02-11 11:42:02,294 INFO BowlingPointsConsumer.Program - Calculated correctly for INPUT: {"points":[[7,2],[8,1],[0,10],[1,2],[5,5],[5,3],[6,2]],"token":"jyGGaH2PH6UoPtegdmoBriXeYSUdwk7E"}, OUTPUT: {"token":"jyGGaH2PH6UoPtegdmoBriXeYSUdwk7E","points":[9,18,29,32,47,55,63]}
2017-02-11 11:43:02,302 WARN BowlingPointsConsumer.Program - Calculated wrongly for INPUT: {"points":[[3,0],[9,1],[6,0],[3,1],[7,0],[8,2],[7,1],[10,0],[10,0]],"token":"niroyzFv9YPA9ZOBVoKsyIhdiNW6u9E4"}, OUTPUT: {"token":"niroyzFv9YPA9ZOBVoKsyIhdiNW6u9E4","points":[3,19,25,29,36,53,61]}
2017-02-11 11:44:01,965 WARN BowlingPointsConsumer.Program - Calculated wrongly for INPUT: {"points":[[7,3]],"token":"hEXFBpPTn3u1K2w7T5xjqQWnsKDigxMr"}, OUTPUT: {"token":"hEXFBpPTn3u1K2w7T5xjqQWnsKDigxMr","points":[]}
2017-02-11 11:45:02,233 INFO BowlingPointsConsumer.Program - Calculated correctly for INPUT: {"points":[[8,0],[10,0],[6,4],[10,0],[4,6],[2,6],[0,0],[2,3],[1,9],[9,0]],"token":"5oNcg59XxS2k6KcUheQS3CBPhBTpcGUp"}, OUTPUT: {"token":"5oNcg59XxS2k6KcUheQS3CBPhBTpcGUp","points":[8,28,48,68,80,88,88,93,112,121]}
2017-02-11 11:46:02,462 WARN BowlingPointsConsumer.Program - Calculated wrongly for INPUT: {"points":[[0,9],[10,0],[6,4]],"token":"QV4JQXqk2okIlGEBB0hW0IOR67EFNNtK"}, OUTPUT: {"token":"QV4JQXqk2okIlGEBB0hW0IOR67EFNNtK","points":[9,29]}
2017-02-11 11:47:02,088 INFO BowlingPointsConsumer.Program - Calculated correctly for INPUT: {"points":[[0,4],[5,3],[4,5],[1,3],[4,2],[2,6]],"token":"dkVxDpwLOp2xobQQZh1YQbFCiKMTSLn6"}, OUTPUT: {"token":"dkVxDpwLOp2xobQQZh1YQbFCiKMTSLn6","points":[4,12,21,25,31,39]}
2017-02-11 11:48:02,094 WARN BowlingPointsConsumer.Program - Calculated wrongly for INPUT: {"points":[[6,4],[8,1],[3,4],[9,1],[7,2],[3,1],[9,1]],"token":"L3syir7Yjgmizphn7FfRSiAkdFWsnR2T"}, OUTPUT: {"token":"L3syir7Yjgmizphn7FfRSiAkdFWsnR2T","points":[18,27,34,51,60,64]}
2017-02-11 11:49:02,557 INFO BowlingPointsConsumer.Program - Calculated correctly for INPUT: {"points":[[1,0],[7,0],[3,2]],"token":"QrceGL7VYoz7L3efcgnFKdOrJyJS1waX"}, OUTPUT: {"token":"QrceGL7VYoz7L3efcgnFKdOrJyJS1waX","points":[1,8,13]}
2017-02-11 11:50:02,411 INFO BowlingPointsConsumer.Program - Calculated correctly for INPUT: {"points":[[10,0],[10,0],[10,0],[10,0],[10,0],[10,0],[10,0],[10,0],[10,0],[10,0],[10,10]],"token":"KxlGKLX3T6XpVU9xQPWGayoidVho1Q9Y"}, OUTPUT: {"token":"KxlGKLX3T6XpVU9xQPWGayoidVho1Q9Y","points":[30,60,90,120,150,180,210,240,270,300]}
2017-02-11 11:51:03,266 INFO BowlingPointsConsumer.Program - Calculated correctly for INPUT: {"points":[[8,0],[2,3],[7,0],[10,0],[8,0]],"token":"jy4BvytCd1xx5GwjXIn5rfyX2Ru95nY8"}, OUTPUT: {"token":"jy4BvytCd1xx5GwjXIn5rfyX2Ru95nY8","points":[8,13,20,38,46]}
2017-02-11 11:52:02,032 INFO BowlingPointsConsumer.Program - Calculated correctly for INPUT: {"points":[[6,1]],"token":"wh8HBHCV6qlAuW0dr7OJVdZCQEVIpdCx"}, OUTPUT: {"token":"wh8HBHCV6qlAuW0dr7OJVdZCQEVIpdCx","points":[7]}
2017-02-11 11:53:01,895 INFO BowlingPointsConsumer.Program - Calculated correctly for INPUT: {"points":[[4,5],[5,2],[7,2],[7,0],[6,0],[8,0],[7,1],[2,6],[8,2],[3,1]],"token":"x3JQmwtDJdfexE0eWT7J4kRCnmFOdrzj"}, OUTPUT: {"token":"x3JQmwtDJdfexE0eWT7J4kRCnmFOdrzj","points":[9,16,25,32,38,46,54,62,75,79]}
2017-02-11 11:54:02,058 INFO BowlingPointsConsumer.Program - Calculated correctly for INPUT: {"points":[[9,1],[4,2]],"token":"Qnnu27lZidCBr5rFDzBFmKKV1awCZLyj"}, OUTPUT: {"token":"Qnnu27lZidCBr5rFDzBFmKKV1awCZLyj","points":[14,20]}
2017-02-11 11:55:21,679 WARN BowlingPointsConsumer.Program - Error occured - Unable to connect to the remote server
2017-02-11 11:56:02,476 INFO BowlingPointsConsumer.Program - Calculated correctly for INPUT: {"points":[[10,0],[10,0],[10,0],[10,0],[10,0],[10,0],[10,0],[10,0],[10,0],[10,0],[10,10]],"token":"1ztbWBJi9trWNrgEK57ECaJ6EVM9wboQ"}, OUTPUT: {"token":"1ztbWBJi9trWNrgEK57ECaJ6EVM9wboQ","points":[30,60,90,120,150,180,210,240,270,300]}
2017-02-11 11:57:02,944 WARN BowlingPointsConsumer.Program - Calculated wrongly for INPUT: {"points":[[5,2],[0,5],[3,7]],"token":"jmcNB7W0XF2hL67CnWNZbgX8UowPLG01"}, OUTPUT: {"token":"jmcNB7W0XF2hL67CnWNZbgX8UowPLG01","points":[7,12]}
2017-02-11 11:58:01,951 INFO BowlingPointsConsumer.Program - Calculated correctly for INPUT: {"points":[[10,0],[10,0],[10,0],[10,0],[10,0],[10,0],[10,0],[10,0],[10,0],[10,0],[10,10]],"token":"Gx1ckHNf5ipXqfRV2Ei8tFtMFzz6NtNy"}, OUTPUT: {"token":"Gx1ckHNf5ipXqfRV2Ei8tFtMFzz6NtNy","points":[30,60,90,120,150,180,210,240,270,300]}
2017-02-11 11:59:02,229 INFO BowlingPointsConsumer.Program - Calculated correctly for INPUT: {"points":[[10,0],[10,0],[10,0],[10,0],[10,0],[10,0],[10,0],[10,0],[10,0],[10,0],[10,10]],"token":"hCyWPBo1GICv6bdSsDrVM1kgrvG60lit"}, OUTPUT: {"token":"hCyWPBo1GICv6bdSsDrVM1kgrvG60lit","points":[30,60,90,120,150,180,210,240,270,300]}
2017-02-11 12:00:02,163 INFO BowlingPointsConsumer.Program - Calculated correctly for INPUT: {"points":[[10,0],[10,0],[10,0],[10,0],[10,0],[10,0],[10,0],[10,0],[10,0],[10,0],[10,10]],"token":"lmRXxssne39sFUd1QvwEEumn6L2zLugw"}, OUTPUT: {"token":"lmRXxssne39sFUd1QvwEEumn6L2zLugw","points":[30,60,90,120,150,180,210,240,270,300]}
