2017-02-08 20:55:59,070 INFO BowlingPointsConsumer.Program - Calculated correctly for INPUT: {"points":[[8,2]],"token":"qyqHh5UBfU2v25dTRCxMOiPKGp9uYO7o"}, OUTPUT: {"token":"qyqHh5UBfU2v25dTRCxMOiPKGp9uYO7o","points":[10]}
2017-02-08 21:16:04,569 INFO BowlingPointsConsumer.Program - Calculated correctly for INPUT: {"points":[[4,3],[6,3],[3,5],[7,2],[7,3],[3,5],[4,3]],"token":"T2edMrLIgRNKZDwTZXBbYlKbmAKczM25"}, OUTPUT: {"token":"T2edMrLIgRNKZDwTZXBbYlKbmAKczM25","points":[7,16,24,33,46,54,61]}
2017-02-08 21:18:03,761 INFO BowlingPointsConsumer.Program - Calculated correctly for INPUT: {"points":[[2,3]],"token":"4lRV3gqXSX6AKNP0UC5DCQvy166UEU4Z"}, OUTPUT: {"token":"4lRV3gqXSX6AKNP0UC5DCQvy166UEU4Z","points":[5]}
2017-02-08 21:20:04,768 INFO BowlingPointsConsumer.Program - Calculated correctly for INPUT: {"points":[[1,4],[0,1],[7,2]],"token":"Kaz8ITduqJFMMfLVzrQLDqOJUxVi0qsy"}, OUTPUT: {"token":"Kaz8ITduqJFMMfLVzrQLDqOJUxVi0qsy","points":[5,6,15]}
2017-02-08 21:22:03,953 INFO BowlingPointsConsumer.Program - Calculated correctly for INPUT: {"points":[[8,0],[3,6],[9,1],[10,0],[3,4],[8,2],[1,3],[4,2],[0,1]],"token":"bk9uWzkyhDqzMnUdfNvaiPYwQlPL7bvv"}, OUTPUT: {"token":"bk9uWzkyhDqzMnUdfNvaiPYwQlPL7bvv","points":[8,17,37,54,61,72,76,82,83]}
2017-02-08 21:24:03,616 INFO BowlingPointsConsumer.Program - Calculated correctly for INPUT: {"points":[[8,0],[0,8],[4,6],[8,1]],"token":"YQC6WkBCV8Vkd3AFB9R4KkntXGAdJBZy"}, OUTPUT: {"token":"YQC6WkBCV8Vkd3AFB9R4KkntXGAdJBZy","points":[8,16,34,43]}
2017-02-08 21:26:05,704 INFO BowlingPointsConsumer.Program - Calculated correctly for INPUT: {"points":[[10,0],[6,0],[3,2],[8,1]],"token":"eYe3AguStf9MzQMQ0OwYxJH1tMEjpwvV"}, OUTPUT: {"token":"eYe3AguStf9MzQMQ0OwYxJH1tMEjpwvV","points":[16,22,27,36]}
2017-02-08 21:28:03,730 INFO BowlingPointsConsumer.Program - Calculated correctly for INPUT: {"points":[[0,4]],"token":"UBunG2bgppWsNuIi7BnzS8SCLnOqBI9f"}, OUTPUT: {"token":"UBunG2bgppWsNuIi7BnzS8SCLnOqBI9f","points":[4]}
2017-02-08 21:30:03,861 INFO BowlingPointsConsumer.Program - Calculated correctly for INPUT: {"points":[[5,3],[3,7],[7,2],[10,0],[0,1]],"token":"PORx7atXC8O8ZOEpFpkRshAdySpBNyXi"}, OUTPUT: {"token":"PORx7atXC8O8ZOEpFpkRshAdySpBNyXi","points":[8,25,34,45,46]}
2017-02-08 21:32:03,735 WARN BowlingPointsConsumer.Program - Calculated wrongly for INPUT: {"points":[[4,4],[5,2],[4,6],[3,4],[4,5],[8,1],[2,2],[9,0],[5,5],[0,10],[4,0]],"token":"DKXfywbmshA38tWKxvHjimRD9JnMmYnA"}, OUTPUT: {"token":"DKXfywbmshA38tWKxvHjimRD9JnMmYnA","points":[8,15,28,35,44,53,57,66,76,90,94]}
2017-02-08 21:34:03,792 WARN BowlingPointsConsumer.Program - Calculated wrongly for INPUT: {"points":[[1,2],[3,6],[7,0],[3,0],[8,2],[6,1],[8,2],[8,0],[7,1],[9,1],[8,0]],"token":"tlx5Xg5WqbpLxLASrxM62k8BWDQe2beG"}, OUTPUT: {"token":"tlx5Xg5WqbpLxLASrxM62k8BWDQe2beG","points":[3,12,19,22,38,45,63,71,79,97,105]}
2017-02-08 21:36:03,655 INFO BowlingPointsConsumer.Program - Calculated correctly for INPUT: {"points":[[9,0],[0,1],[6,4]],"token":"Wubw6l60tpJYdq9XO2amFCy2WcKmAB8e"}, OUTPUT: {"token":"Wubw6l60tpJYdq9XO2amFCy2WcKmAB8e","points":[9,10,20]}
2017-02-08 21:38:03,697 INFO BowlingPointsConsumer.Program - Calculated correctly for INPUT: {"points":[[10,0],[2,7],[10,0],[8,0],[8,1],[10,0],[9,0],[2,8]],"token":"RzrfSueboPgYynwyUdJHAakhnhI8xClv"}, OUTPUT: {"token":"RzrfSueboPgYynwyUdJHAakhnhI8xClv","points":[19,28,46,54,63,82,91,101]}
2017-02-08 21:40:03,796 INFO BowlingPointsConsumer.Program - Calculated correctly for INPUT: {"points":[[1,8],[9,0],[10,0],[9,0],[8,1],[6,4],[4,6],[8,0]],"token":"hpUBKt5PYN2PGH3PD6WZYC2okAkbiQUS"}, OUTPUT: {"token":"hpUBKt5PYN2PGH3PD6WZYC2okAkbiQUS","points":[9,18,37,46,55,69,87,95]}
2017-02-08 21:42:03,682 INFO BowlingPointsConsumer.Program - Calculated correctly for INPUT: {"points":[[5,1],[2,8]],"token":"x42twxQrSZRP0cv55kOzWghNEVKunZ2A"}, OUTPUT: {"token":"x42twxQrSZRP0cv55kOzWghNEVKunZ2A","points":[6,16]}
2017-02-08 21:44:03,925 INFO BowlingPointsConsumer.Program - Calculated correctly for INPUT: {"points":[[6,2],[7,3],[10,0],[1,0],[7,3]],"token":"8h1sFIXNr7WEwwZLAqsY2asKadJi13iA"}, OUTPUT: {"token":"8h1sFIXNr7WEwwZLAqsY2asKadJi13iA","points":[8,28,39,40,50]}
2017-02-08 21:46:03,584 INFO BowlingPointsConsumer.Program - Calculated correctly for INPUT: {"points":[[8,2],[8,0],[8,1],[7,3]],"token":"OEzyyyOl63gjIas9x5Hk6cc7PvpmQmnh"}, OUTPUT: {"token":"OEzyyyOl63gjIas9x5Hk6cc7PvpmQmnh","points":[18,26,35,45]}
2017-02-08 21:48:03,655 INFO BowlingPointsConsumer.Program - Calculated correctly for INPUT: {"points":[[9,1]],"token":"JlS1mwQf1Jkfo6sK7AGFNH0xYc5DvJE5"}, OUTPUT: {"token":"JlS1mwQf1Jkfo6sK7AGFNH0xYc5DvJE5","points":[10]}
2017-02-08 21:50:03,829 INFO BowlingPointsConsumer.Program - Calculated correctly for INPUT: {"points":[[7,3]],"token":"kHwMN0zscNrtzBcCD2TmsdxKAWPiIf22"}, OUTPUT: {"token":"kHwMN0zscNrtzBcCD2TmsdxKAWPiIf22","points":[10]}
2017-02-08 21:52:03,769 INFO BowlingPointsConsumer.Program - Calculated correctly for INPUT: {"points":[[10,0],[5,1],[1,1]],"token":"rojdjL3XrJPHgcSxmGtPIAuC776wA1mj"}, OUTPUT: {"token":"rojdjL3XrJPHgcSxmGtPIAuC776wA1mj","points":[16,22,24]}
2017-02-08 21:54:03,810 INFO BowlingPointsConsumer.Program - Calculated correctly for INPUT: {"points":[[4,0],[0,1],[7,2]],"token":"HH5NnEM1zKqmLRF3I9VCFqpt9dNGhdqf"}, OUTPUT: {"token":"HH5NnEM1zKqmLRF3I9VCFqpt9dNGhdqf","points":[4,5,14]}
2017-02-08 22:32:05,042 INFO BowlingPointsConsumer.Program - Calculated correctly for INPUT: {"points":[[0,4],[8,2],[10,0],[0,4],[2,8],[0,1],[1,9]],"token":"XI825gzpFTakqk0TBkUw5lqp5H4RcyPO"}, OUTPUT: {"token":"XI825gzpFTakqk0TBkUw5lqp5H4RcyPO","points":[4,24,38,42,52,53,63]}
2017-02-08 22:34:04,489 INFO BowlingPointsConsumer.Program - Calculated correctly for INPUT: {"points":[[0,2]],"token":"V45NyoFGA7AqPfgtIAKwq8LX2evdtu3a"}, OUTPUT: {"token":"V45NyoFGA7AqPfgtIAKwq8LX2evdtu3a","points":[2]}
2017-02-08 22:36:04,687 INFO BowlingPointsConsumer.Program - Calculated correctly for INPUT: {"points":[[6,3],[5,5],[8,2],[2,8],[8,2],[6,1],[1,3],[3,0]],"token":"jDThthmLxgCvD63x3BVFM2Pm2KbuFpwo"}, OUTPUT: {"token":"jDThthmLxgCvD63x3BVFM2Pm2KbuFpwo","points":[9,27,39,57,73,80,84,87]}
2017-02-08 22:38:03,640 INFO BowlingPointsConsumer.Program - Calculated correctly for INPUT: {"points":[[0,0],[1,0],[7,1],[10,0],[10,0],[0,9],[6,2]],"token":"qXXJlQ4Sz2nSo57i8Pw1hCiDuxE5z2Aj"}, OUTPUT: {"token":"qXXJlQ4Sz2nSo57i8Pw1hCiDuxE5z2Aj","points":[0,1,9,29,48,57,65]}
2017-02-08 22:40:04,431 INFO BowlingPointsConsumer.Program - Calculated correctly for INPUT: {"points":[[6,4]],"token":"3s1MHxvSv9O9mVq6xa29bzs3qPWOSxrr"}, OUTPUT: {"token":"3s1MHxvSv9O9mVq6xa29bzs3qPWOSxrr","points":[10]}
2017-02-08 22:42:20,885 INFO BowlingPointsConsumer.Program - Calculated correctly for INPUT: {"points":[[4,6],[2,4],[3,5],[4,6],[4,4],[5,4],[4,6]],"token":"fYRbotuYHa6kabkm2yR9TeQ7gk0KrNBz"}, OUTPUT: {"token":"fYRbotuYHa6kabkm2yR9TeQ7gk0KrNBz","points":[12,18,26,40,48,57,67]}
2017-02-08 22:44:22,739 INFO BowlingPointsConsumer.Program - Calculated correctly for INPUT: {"points":[[7,2],[3,2]],"token":"0PfXUsmkcQfS3WeDjnpq239XnAFzF6hd"}, OUTPUT: {"token":"0PfXUsmkcQfS3WeDjnpq239XnAFzF6hd","points":[9,14]}
2017-02-08 22:46:38,574 INFO BowlingPointsConsumer.Program - Calculated correctly for INPUT: {"points":[[10,0],[10,0],[7,0],[3,7],[1,7]],"token":"1PKLWN2sIVBQ9x4nTrIqrxBAReNXdf32"}, OUTPUT: {"token":"1PKLWN2sIVBQ9x4nTrIqrxBAReNXdf32","points":[27,44,51,62,70]}
2017-02-08 22:48:04,254 INFO BowlingPointsConsumer.Program - Calculated correctly for INPUT: {"points":[[2,8],[2,4],[7,2],[4,0],[2,8],[9,1],[10,0],[3,0]],"token":"1u2vuxU1uG0zIWIk5IKl3tm0IVa3Huc8"}, OUTPUT: {"token":"1u2vuxU1uG0zIWIk5IKl3tm0IVa3Huc8","points":[12,18,27,31,50,70,83,86]}
2017-02-08 22:49:16,993 INFO BowlingPointsConsumer.Program - Calculated correctly for INPUT: {"points":[[7,1],[10,0],[2,0],[9,1],[8,0]],"token":"ILKVjwMMQXyy2vva8hLnnhCBwiMfTKzs"}, OUTPUT: {"token":"ILKVjwMMQXyy2vva8hLnnhCBwiMfTKzs","points":[8,20,22,40,48]}
2017-02-08 22:50:06,733 INFO BowlingPointsConsumer.Program - Calculated correctly for INPUT: {"points":[[10,0],[3,0],[7,3]],"token":"UfnoCpUbMQ8RbEsUQeU6F4ivH7ZOxj9h"}, OUTPUT: {"token":"UfnoCpUbMQ8RbEsUQeU6F4ivH7ZOxj9h","points":[13,16,26]}
2017-02-08 22:51:03,885 INFO BowlingPointsConsumer.Program - Calculated correctly for INPUT: {"points":[[2,1],[0,3],[1,5],[8,0],[6,4],[8,2]],"token":"wLPSGH8yJ8wtsM44tmCaOWjhApsycTqr"}, OUTPUT: {"token":"wLPSGH8yJ8wtsM44tmCaOWjhApsycTqr","points":[3,6,12,20,38,48]}
2017-02-08 22:52:05,965 INFO BowlingPointsConsumer.Program - Calculated correctly for INPUT: {"points":[[7,2],[6,3],[0,0],[0,2],[7,0],[8,0]],"token":"8I7OZ2ezMl7RRn8LccMtBunYkqmi4tOx"}, OUTPUT: {"token":"8I7OZ2ezMl7RRn8LccMtBunYkqmi4tOx","points":[9,18,18,20,27,35]}
2017-02-08 22:53:04,500 INFO BowlingPointsConsumer.Program - Calculated correctly for INPUT: {"points":[[3,1],[5,4]],"token":"LDu9MQQ9YpmFefrxI9hEOoCJIIFoxjKk"}, OUTPUT: {"token":"LDu9MQQ9YpmFefrxI9hEOoCJIIFoxjKk","points":[4,13]}
2017-02-08 22:54:06,410 INFO BowlingPointsConsumer.Program - Calculated correctly for INPUT: {"points":[[3,6],[3,4],[3,1],[6,0],[9,0],[2,4],[9,1]],"token":"c62SJDBraZKFoEdkCHXRHq9zO0vYk5Cx"}, OUTPUT: {"token":"c62SJDBraZKFoEdkCHXRHq9zO0vYk5Cx","points":[9,16,20,26,35,41,51]}
2017-02-08 23:05:04,469 INFO BowlingPointsConsumer.Program - Calculated correctly for INPUT: {"points":[[4,6],[10,0],[1,2],[4,3]],"token":"Vqy88H0NkAAiNrcVu1muKJNNAT6N8Wcu"}, OUTPUT: {"token":"Vqy88H0NkAAiNrcVu1muKJNNAT6N8Wcu","points":[20,33,36,43]}
2017-02-08 23:06:04,025 INFO BowlingPointsConsumer.Program - Calculated correctly for INPUT: {"points":[[4,6],[2,7],[4,6],[10,0],[3,2]],"token":"XIwqWjieuLA4FRS3W6UONeZyHIctgdxX"}, OUTPUT: {"token":"XIwqWjieuLA4FRS3W6UONeZyHIctgdxX","points":[12,21,41,56,61]}
2017-02-08 23:28:19,198 INFO BowlingPointsConsumer.Program - Calculated correctly for INPUT: {"points":[[10,0],[6,0],[9,1],[10,0],[9,1],[10,0],[3,2],[6,0]],"token":"pF6DUoSjqnj1ImAt3Eu276aqevKyhRFq"}, OUTPUT: {"token":"pF6DUoSjqnj1ImAt3Eu276aqevKyhRFq","points":[16,22,42,62,82,97,102,108]}
2017-02-08 23:29:47,483 WARN BowlingPointsConsumer.Program - Calculated wrongly for INPUT: {"points":[[10,0],[10,0],[10,0],[10,0],[10,0],[10,0],[10,0],[10,0],[10,0],[10,0],[10,10]],"token":"ekXJSge7lK5GNDak4IbMYse2VJ63rR8G"}, OUTPUT: {"token":"ekXJSge7lK5GNDak4IbMYse2VJ63rR8G","points":[30,60,90,120,150,180,210,240,270,280,300]}
2017-02-08 23:30:03,767 INFO BowlingPointsConsumer.Program - Calculated correctly for INPUT: {"points":[[7,2]],"token":"zhesUMa0NxUrIXxX4hTmKxi4xZ0TiZf4"}, OUTPUT: {"token":"zhesUMa0NxUrIXxX4hTmKxi4xZ0TiZf4","points":[9]}
2017-02-08 23:31:03,553 WARN BowlingPointsConsumer.Program - Calculated wrongly for INPUT: {"points":[[10,0],[10,0],[10,0],[10,0],[10,0],[10,0],[10,0],[10,0],[10,0],[10,0],[10,10]],"token":"AAmkIPlMy1gbIdKrgS3Egfpix2trOm4p"}, OUTPUT: {"token":"AAmkIPlMy1gbIdKrgS3Egfpix2trOm4p","points":[30,60,90,120,150,180,210,240,270,280,300]}
2017-02-08 23:32:03,697 INFO BowlingPointsConsumer.Program - Calculated correctly for INPUT: {"points":[[0,0],[4,4],[0,10],[1,2],[2,7]],"token":"8bUhCCO0Ng7oOxrsKBbD3eDoon1FFFuN"}, OUTPUT: {"token":"8bUhCCO0Ng7oOxrsKBbD3eDoon1FFFuN","points":[0,8,19,22,31]}
2017-02-08 23:33:03,721 INFO BowlingPointsConsumer.Program - Calculated correctly for INPUT: {"points":[[6,1],[1,0],[5,3],[0,5],[2,2],[8,0],[2,7]],"token":"CxA3p2YskCdiwCaXmcMosiEzke8mTU9t"}, OUTPUT: {"token":"CxA3p2YskCdiwCaXmcMosiEzke8mTU9t","points":[7,8,16,21,25,33,42]}
2017-02-08 23:34:03,881 INFO BowlingPointsConsumer.Program - Calculated correctly for INPUT: {"points":[[5,5],[1,3],[6,1]],"token":"Eouc3SBtTHAULmMaESoUIH2q9EG6LjHK"}, OUTPUT: {"token":"Eouc3SBtTHAULmMaESoUIH2q9EG6LjHK","points":[11,15,22]}
2017-02-08 23:35:03,786 INFO BowlingPointsConsumer.Program - Calculated correctly for INPUT: {"points":[[5,1],[4,0],[5,3],[1,0],[0,2],[5,2],[5,1]],"token":"cJrnwq0sBicAQYpIxXhGR7QyoA74jfXC"}, OUTPUT: {"token":"cJrnwq0sBicAQYpIxXhGR7QyoA74jfXC","points":[6,10,18,19,21,28,34]}
2017-02-08 23:36:03,552 INFO BowlingPointsConsumer.Program - Calculated correctly for INPUT: {"points":[[5,3],[0,5],[5,0],[7,1],[5,3],[3,4],[2,1],[3,5],[5,5],[1,6]],"token":"hZOqBFeKDbfZDPMi9ZFACUAo2UfE5zAM"}, OUTPUT: {"token":"hZOqBFeKDbfZDPMi9ZFACUAo2UfE5zAM","points":[8,13,18,26,34,41,44,52,63,70]}
2017-02-08 23:37:03,636 WARN BowlingPointsConsumer.Program - Calculated wrongly for INPUT: {"points":[[10,0],[10,0],[10,0],[10,0],[10,0],[10,0],[10,0],[10,0],[10,0],[10,0],[10,10]],"token":"mr2K48liTryrHzOU0PDJPV7PZwy93olx"}, OUTPUT: {"token":"mr2K48liTryrHzOU0PDJPV7PZwy93olx","points":[30,60,90,120,150,180,210,240,270,280,300]}
2017-02-08 23:38:03,878 INFO BowlingPointsConsumer.Program - Calculated correctly for INPUT: {"points":[[9,0],[1,3],[3,4],[4,6],[1,5]],"token":"qVlvOJ2acLOroA5bkL97RWUFt3dZSxCL"}, OUTPUT: {"token":"qVlvOJ2acLOroA5bkL97RWUFt3dZSxCL","points":[9,13,20,31,37]}
2017-02-08 23:40:03,628 INFO BowlingPointsConsumer.Program - Calculated correctly for INPUT: {"points":[[5,0],[10,0],[7,0],[9,0],[4,5],[1,0],[7,1],[1,1],[5,4],[0,9]],"token":"DJ4AlikKQAb0BXwHoWlxWgV27gsxE6UD"}, OUTPUT: {"token":"DJ4AlikKQAb0BXwHoWlxWgV27gsxE6UD","points":[5,22,29,38,47,48,56,58,67,76]}
2017-02-08 23:41:03,981 INFO BowlingPointsConsumer.Program - Calculated correctly for INPUT: {"points":[[8,1],[0,4],[7,3]],"token":"ZJw4w2LMHxL7aFsLmmknjsrJ4SOQhXbS"}, OUTPUT: {"token":"ZJw4w2LMHxL7aFsLmmknjsrJ4SOQhXbS","points":[9,13,23]}
2017-02-08 23:42:03,579 INFO BowlingPointsConsumer.Program - Calculated correctly for INPUT: {"points":[[0,10],[7,1],[5,0],[3,5],[6,1],[8,0],[7,1],[4,2],[3,2]],"token":"vYboLwfOPd4cO9ICPpSy9Mf8PcQbQLgq"}, OUTPUT: {"token":"vYboLwfOPd4cO9ICPpSy9Mf8PcQbQLgq","points":[17,25,30,38,45,53,61,67,72]}
2017-02-08 23:43:03,650 INFO BowlingPointsConsumer.Program - Calculated correctly for INPUT: {"points":[[4,2],[4,4],[6,0],[1,1],[2,5],[10,0],[3,7],[7,2]],"token":"YmxzgjsgKQ7uXnZy2xQRWW85LTT4EQIg"}, OUTPUT: {"token":"YmxzgjsgKQ7uXnZy2xQRWW85LTT4EQIg","points":[6,14,20,22,29,49,66,75]}
2017-02-08 23:44:03,880 WARN BowlingPointsConsumer.Program - Calculated wrongly for INPUT: {"points":[[10,0],[10,0],[10,0],[10,0],[10,0],[10,0],[10,0],[10,0],[10,0],[10,0],[10,10]],"token":"jkdgeY7x4VlkBY2FMd620qniOGKzyxdH"}, OUTPUT: {"token":"jkdgeY7x4VlkBY2FMd620qniOGKzyxdH","points":[30,60,90,120,150,180,210,240,270,280,300]}
2017-02-08 23:45:03,903 INFO BowlingPointsConsumer.Program - Calculated correctly for INPUT: {"points":[[1,6],[7,2],[3,2]],"token":"4tObSTzDKyE8kLBG2VBgDRMo0VjSQ7PL"}, OUTPUT: {"token":"4tObSTzDKyE8kLBG2VBgDRMo0VjSQ7PL","points":[7,16,21]}
2017-02-08 23:46:03,589 INFO BowlingPointsConsumer.Program - Calculated correctly for INPUT: {"points":[[4,6],[10,0],[10,0],[3,5],[8,2],[1,2],[5,3],[10,0]],"token":"r1k66c2y2Fhxf7scTZUYYVjewv4QTYew"}, OUTPUT: {"token":"r1k66c2y2Fhxf7scTZUYYVjewv4QTYew","points":[20,43,61,69,80,83,91,101]}
2017-02-08 23:47:03,577 WARN BowlingPointsConsumer.Program - Calculated wrongly for INPUT: {"points":[[8,0],[8,1],[4,6],[6,4],[7,2],[8,2],[1,4],[8,0],[3,6],[0,10],[9,0]],"token":"Zpu0pU4sFoZnDxGr58bB5Ry3KnFdBHse"}, OUTPUT: {"token":"Zpu0pU4sFoZnDxGr58bB5Ry3KnFdBHse","points":[8,17,33,50,59,70,75,83,92,111,120]}
2017-02-08 23:48:03,768 INFO BowlingPointsConsumer.Program - Calculated correctly for INPUT: {"points":[[8,1],[1,6],[2,7]],"token":"ggJU1eSjZTbDnNUmHnodtofExen7gj29"}, OUTPUT: {"token":"ggJU1eSjZTbDnNUmHnodtofExen7gj29","points":[9,16,25]}
2017-02-08 23:49:03,738 INFO BowlingPointsConsumer.Program - Calculated correctly for INPUT: {"points":[[2,6],[0,3],[1,0]],"token":"sBFjRIQw5RnU6AmUgb5alzq6j7kvpKAx"}, OUTPUT: {"token":"sBFjRIQw5RnU6AmUgb5alzq6j7kvpKAx","points":[8,11,12]}
2017-02-08 23:50:03,908 WARN BowlingPointsConsumer.Program - Calculated wrongly for INPUT: {"points":[[10,0],[10,0],[10,0],[10,0],[10,0],[10,0],[10,0],[10,0],[10,0],[10,0],[10,10]],"token":"34ppUp8SHlPSw3SOXEO3SPmp3GiGNpGK"}, OUTPUT: {"token":"34ppUp8SHlPSw3SOXEO3SPmp3GiGNpGK","points":[30,60,90,120,150,180,210,240,270,280,300]}
2017-02-08 23:51:03,615 WARN BowlingPointsConsumer.Program - Calculated wrongly for INPUT: {"points":[[9,0],[8,1],[8,2],[2,0],[8,0],[0,0],[2,8],[9,0],[6,1],[3,7],[0,0]],"token":"CBbYPx1PsV2UgxkP4e7EjeMiCYI8Awl5"}, OUTPUT: {"token":"CBbYPx1PsV2UgxkP4e7EjeMiCYI8Awl5","points":[9,18,30,32,40,40,59,68,75,85,85]}
2017-02-08 23:52:03,657 INFO BowlingPointsConsumer.Program - Calculated correctly for INPUT: {"points":[[6,4],[9,0],[4,4],[2,5],[7,0],[7,2],[0,10],[7,3],[3,1],[3,4]],"token":"Blm3uL3hiBgfsP8ZeAoF7nflV7Z93NW8"}, OUTPUT: {"token":"Blm3uL3hiBgfsP8ZeAoF7nflV7Z93NW8","points":[19,28,36,43,50,59,76,89,93,100]}
2017-02-08 23:53:03,597 INFO BowlingPointsConsumer.Program - Calculated correctly for INPUT: {"points":[[1,7],[10,0],[7,1],[0,10],[10,0],[3,1],[7,1],[7,0]],"token":"wqXGwm4HOBZ4E4AAogydI3Pe9QjumNoD"}, OUTPUT: {"token":"wqXGwm4HOBZ4E4AAogydI3Pe9QjumNoD","points":[8,26,34,54,68,72,80,87]}
2017-02-08 23:54:03,622 INFO BowlingPointsConsumer.Program - Calculated correctly for INPUT: {"points":[[4,0],[7,0],[9,0],[0,7],[10,0],[3,6],[5,5],[4,2],[10,0]],"token":"iHpmeHi7DE5b82qNGFHtIuNa8LoQzr8M"}, OUTPUT: {"token":"iHpmeHi7DE5b82qNGFHtIuNa8LoQzr8M","points":[4,11,20,27,46,55,69,75,85]}
2017-02-08 23:55:03,830 INFO BowlingPointsConsumer.Program - Calculated correctly for INPUT: {"points":[[3,0]],"token":"MUYkMNm02tE72pTMmC0Q3hNu2dx41BvR"}, OUTPUT: {"token":"MUYkMNm02tE72pTMmC0Q3hNu2dx41BvR","points":[3]}
2017-02-08 23:56:04,173 INFO BowlingPointsConsumer.Program - Calculated correctly for INPUT: {"points":[[2,8],[5,5],[3,7],[9,1],[10,0],[7,1],[4,5],[6,0],[2,4]],"token":"x73KBpaWESzrfDIzRHeEzMQZdvy3zmNN"}, OUTPUT: {"token":"x73KBpaWESzrfDIzRHeEzMQZdvy3zmNN","points":[15,28,47,67,85,93,102,108,114]}
2017-02-08 23:57:03,874 INFO BowlingPointsConsumer.Program - Calculated correctly for INPUT: {"points":[[3,5],[6,2],[10,0],[5,2],[2,2],[1,4],[2,5],[3,4]],"token":"5e3iWfrlpBDWZfvj6Ktw4WWeOaUaLAZ2"}, OUTPUT: {"token":"5e3iWfrlpBDWZfvj6Ktw4WWeOaUaLAZ2","points":[8,16,33,40,44,49,56,63]}
2017-02-08 23:58:03,607 INFO BowlingPointsConsumer.Program - Calculated correctly for INPUT: {"points":[[0,7],[0,9],[0,3],[10,0],[10,0],[9,0],[0,2],[9,0]],"token":"5VCbZaH3OrhOHHO4SwgLZV8waGBu77tf"}, OUTPUT: {"token":"5VCbZaH3OrhOHHO4SwgLZV8waGBu77tf","points":[7,16,19,48,67,76,78,87]}
2017-02-08 23:59:04,481 INFO BowlingPointsConsumer.Program - Calculated correctly for INPUT: {"points":[[3,5],[3,7],[9,1],[8,1],[7,0],[2,8]],"token":"x1nXVUidCDdb4eftzArTUb84fjhief6B"}, OUTPUT: {"token":"x1nXVUidCDdb4eftzArTUb84fjhief6B","points":[8,27,45,54,61,71]}
2017-02-09 00:00:03,505 INFO BowlingPointsConsumer.Program - Calculated correctly for INPUT: {"points":[[6,1],[5,2],[1,2],[8,2],[2,8],[8,0],[10,0],[5,2],[2,3]],"token":"f4eJ7tdfBd3RoEV5vhv3TuqV4xjgHCW4"}, OUTPUT: {"token":"f4eJ7tdfBd3RoEV5vhv3TuqV4xjgHCW4","points":[7,14,17,29,47,55,72,79,84]}
2017-02-09 00:01:04,083 WARN BowlingPointsConsumer.Program - Calculated wrongly for INPUT: {"points":[[10,0],[10,0],[10,0],[10,0],[10,0],[10,0],[10,0],[10,0],[10,0],[10,0],[10,10]],"token":"E0ifYz5tFODrfuLNfN2RBJtvIUw3Vb1H"}, OUTPUT: {"token":"E0ifYz5tFODrfuLNfN2RBJtvIUw3Vb1H","points":[30,60,90,120,150,180,210,240,270,300,0]}
2017-02-09 00:02:03,900 INFO BowlingPointsConsumer.Program - Calculated correctly for INPUT: {"points":[[8,0],[2,3],[8,1],[6,1],[2,0]],"token":"TcV3ZiG0K8ttoXIjxKWsXCdW812eMksU"}, OUTPUT: {"token":"TcV3ZiG0K8ttoXIjxKWsXCdW812eMksU","points":[8,13,22,29,31]}
2017-02-09 00:03:03,409 INFO BowlingPointsConsumer.Program - Calculated correctly for INPUT: {"points":[[4,4],[5,5]],"token":"6z8sDBK6aTQ52HmoJ16ty2AC0GoxsGkD"}, OUTPUT: {"token":"6z8sDBK6aTQ52HmoJ16ty2AC0GoxsGkD","points":[8,18]}
2017-02-09 00:04:03,866 INFO BowlingPointsConsumer.Program - Calculated correctly for INPUT: {"points":[[0,7],[7,1],[6,3],[3,6],[8,2],[7,1],[7,0]],"token":"VQn0MH45jPMi1h16aRHQDI1ceT64Lqm0"}, OUTPUT: {"token":"VQn0MH45jPMi1h16aRHQDI1ceT64Lqm0","points":[7,15,24,33,50,58,65]}
2017-02-09 00:05:03,938 INFO BowlingPointsConsumer.Program - Calculated correctly for INPUT: {"points":[[7,0],[1,3],[4,5],[2,0],[3,2]],"token":"oKBeWTnZYVvLVMfaYFjCXTHj2eCbg84O"}, OUTPUT: {"token":"oKBeWTnZYVvLVMfaYFjCXTHj2eCbg84O","points":[7,11,20,22,27]}
2017-02-09 00:06:03,888 INFO BowlingPointsConsumer.Program - Calculated correctly for INPUT: {"points":[[10,0],[4,0],[0,8],[7,3],[4,2],[4,5],[5,0],[6,1],[10,0]],"token":"NSYllh4g8OQ6CkTaBQ9Dois9lJIzPkzw"}, OUTPUT: {"token":"NSYllh4g8OQ6CkTaBQ9Dois9lJIzPkzw","points":[14,18,26,40,46,55,60,67,77]}
2017-02-09 00:07:03,555 INFO BowlingPointsConsumer.Program - Calculated correctly for INPUT: {"points":[[5,1],[2,8],[9,0],[6,0],[3,2]],"token":"cJv4ZdFw9lrPA81BmDe1wwyUBecvDqe2"}, OUTPUT: {"token":"cJv4ZdFw9lrPA81BmDe1wwyUBecvDqe2","points":[6,25,34,40,45]}
2017-02-09 00:08:04,006 INFO BowlingPointsConsumer.Program - Calculated correctly for INPUT: {"points":[[2,3],[7,1],[4,0],[8,1],[8,0],[9,0],[9,1],[10,0],[5,2],[4,2]],"token":"xhOoSX9tKz1iL4gUi7KEIQltbOcNd26T"}, OUTPUT: {"token":"xhOoSX9tKz1iL4gUi7KEIQltbOcNd26T","points":[5,13,17,26,34,43,63,80,87,93]}
2017-02-09 00:09:03,824 INFO BowlingPointsConsumer.Program - Calculated correctly for INPUT: {"points":[[8,0],[10,0],[6,4],[8,1],[0,3],[4,6],[6,1]],"token":"PLCindN7KQGwshdt7O0UZBr4XeuEG4nP"}, OUTPUT: {"token":"PLCindN7KQGwshdt7O0UZBr4XeuEG4nP","points":[8,28,46,55,58,74,81]}
2017-02-09 00:10:04,030 INFO BowlingPointsConsumer.Program - Calculated correctly for INPUT: {"points":[[2,1],[0,10],[5,0],[2,8],[0,9],[4,5]],"token":"Y94B4XI1Z7k6y25LR7w2QkihbvmlSfPg"}, OUTPUT: {"token":"Y94B4XI1Z7k6y25LR7w2QkihbvmlSfPg","points":[3,18,23,33,42,51]}
2017-02-09 00:11:03,667 WARN BowlingPointsConsumer.Program - Calculated wrongly for INPUT: {"points":[[0,5],[2,5],[10,0],[10,0]],"token":"DzCTFXfOe4nDL4g5BjvW22mNY6uLJfZi"}, OUTPUT: {"token":"DzCTFXfOe4nDL4g5BjvW22mNY6uLJfZi","points":[5,12,22,32]}
2017-02-09 00:12:03,870 INFO BowlingPointsConsumer.Program - Calculated correctly for INPUT: {"points":[[6,4],[1,7],[8,1],[8,1]],"token":"lwMxEw0MatTDJQqA9uB0gXxF4y10ZPyW"}, OUTPUT: {"token":"lwMxEw0MatTDJQqA9uB0gXxF4y10ZPyW","points":[11,19,28,37]}
2017-02-09 00:13:03,681 INFO BowlingPointsConsumer.Program - Calculated correctly for INPUT: {"points":[[5,1],[7,2],[9,1],[4,2],[10,0],[10,0],[10,0],[0,4],[7,3],[1,0]],"token":"O4Htz3UARVRt2PunW8WR8Ig3blp0wNXM"}, OUTPUT: {"token":"O4Htz3UARVRt2PunW8WR8Ig3blp0wNXM","points":[6,15,29,35,65,85,99,103,114,115]}
2017-02-09 00:14:03,667 INFO BowlingPointsConsumer.Program - Calculated correctly for INPUT: {"points":[[7,1],[2,1],[7,1],[9,1],[0,7],[1,9],[4,5],[1,4]],"token":"no3uCmReLbthW4tNGfTvOvUNN7MqEF60"}, OUTPUT: {"token":"no3uCmReLbthW4tNGfTvOvUNN7MqEF60","points":[8,11,19,29,36,50,59,64]}
2017-02-09 00:15:03,857 INFO BowlingPointsConsumer.Program - Calculated correctly for INPUT: {"points":[[10,0],[10,0],[10,0],[10,0],[10,0],[10,0],[10,0],[10,0],[10,0],[10,0],[10,10]],"token":"BF0L5RXLSFEZhCEooiUahx6J6BT3Br6F"}, OUTPUT: {"token":"BF0L5RXLSFEZhCEooiUahx6J6BT3Br6F","points":[30,60,90,120,150,180,210,240,270,300]}
2017-02-09 00:16:03,847 INFO BowlingPointsConsumer.Program - Calculated correctly for INPUT: {"points":[[5,3],[9,0]],"token":"C9LItqefz3nnhtgsyCfodpgpfVfI7ftW"}, OUTPUT: {"token":"C9LItqefz3nnhtgsyCfodpgpfVfI7ftW","points":[8,17]}
2017-02-09 00:17:03,930 INFO BowlingPointsConsumer.Program - Calculated correctly for INPUT: {"points":[[4,0],[9,0],[0,1],[0,7],[5,3],[9,1],[6,2],[2,5],[5,0],[5,5],[0,0]],"token":"Cq5VhUbQNzkDtRLm66PrHMS4G3Bcyuru"}, OUTPUT: {"token":"Cq5VhUbQNzkDtRLm66PrHMS4G3Bcyuru","points":[4,13,14,21,29,45,53,60,65,75]}
2017-02-09 00:18:03,481 INFO BowlingPointsConsumer.Program - Calculated correctly for INPUT: {"points":[[8,1],[5,4]],"token":"NezfijWkTXyBDgA3SS4IfcD6wL0POQMf"}, OUTPUT: {"token":"NezfijWkTXyBDgA3SS4IfcD6wL0POQMf","points":[9,18]}
2017-02-09 00:19:04,079 INFO BowlingPointsConsumer.Program - Calculated correctly for INPUT: {"points":[[0,8],[9,1],[2,3],[5,1],[6,1],[4,6]],"token":"bsmT4OFI18O7U6s5lYsxYZVyj1tHueqO"}, OUTPUT: {"token":"bsmT4OFI18O7U6s5lYsxYZVyj1tHueqO","points":[8,20,25,31,38,48]}
2017-02-09 00:20:03,827 INFO BowlingPointsConsumer.Program - Calculated correctly for INPUT: {"points":[[4,0],[4,0],[1,6],[10,0]],"token":"VyYiCedmZgvFfgplbBXAG2DXfbitvw3R"}, OUTPUT: {"token":"VyYiCedmZgvFfgplbBXAG2DXfbitvw3R","points":[4,8,15,25]}
2017-02-09 00:21:03,851 INFO BowlingPointsConsumer.Program - Calculated correctly for INPUT: {"points":[[2,5],[6,0],[7,2]],"token":"DHKEViCcizpBjVKai1nh9rpoZVeZcNWs"}, OUTPUT: {"token":"DHKEViCcizpBjVKai1nh9rpoZVeZcNWs","points":[7,13,22]}
2017-02-09 00:22:03,712 INFO BowlingPointsConsumer.Program - Calculated correctly for INPUT: {"points":[[6,2]],"token":"OYP3D8S0cOYIvRD6RgAdRHVM1JEM4XXY"}, OUTPUT: {"token":"OYP3D8S0cOYIvRD6RgAdRHVM1JEM4XXY","points":[8]}
2017-02-09 19:58:31,384 INFO BowlingPointsConsumer.Program - Calculated correctly for INPUT: {"points":[[9,1],[2,2],[3,0],[9,0],[8,2],[4,6]],"token":"dulKAZVzfmpJRBvQhg0KLnp10UtCL3cr"}, OUTPUT: {"token":"dulKAZVzfmpJRBvQhg0KLnp10UtCL3cr","points":[12,16,19,28,42,52]}
2017-02-09 20:00:01,786 INFO BowlingPointsConsumer.Program - Calculated correctly for INPUT: {"points":[[7,1],[5,1],[10,0]],"token":"onXLr0dvX5y99s61vea1yhFKDMBIO9ep"}, OUTPUT: {"token":"onXLr0dvX5y99s61vea1yhFKDMBIO9ep","points":[8,14,24]}
2017-02-09 20:01:02,529 INFO BowlingPointsConsumer.Program - Calculated correctly for INPUT: {"points":[[3,5],[4,0],[9,0],[7,2],[10,0],[5,0],[7,3],[4,1]],"token":"SCGhHXDAIo1yVs5W35m0Q5UumJr3rd63"}, OUTPUT: {"token":"SCGhHXDAIo1yVs5W35m0Q5UumJr3rd63","points":[8,12,21,30,45,50,64,69]}
2017-02-09 20:02:01,745 INFO BowlingPointsConsumer.Program - Calculated correctly for INPUT: {"points":[[7,0],[2,6],[6,3],[3,7],[1,2],[1,8],[8,1],[5,3]],"token":"Z5LQziK9RoUPfeEyJPhfX2KcVFoFhf9n"}, OUTPUT: {"token":"Z5LQziK9RoUPfeEyJPhfX2KcVFoFhf9n","points":[7,15,24,35,38,47,56,64]}
2017-02-09 20:03:02,589 INFO BowlingPointsConsumer.Program - Calculated correctly for INPUT: {"points":[[10,0],[10,0],[10,0],[10,0],[10,0],[10,0],[10,0],[10,0],[10,0],[10,0],[10,10]],"token":"S3j5OoyDbqpous6pGV02vUbjwMGOY9u8"}, OUTPUT: {"token":"S3j5OoyDbqpous6pGV02vUbjwMGOY9u8","points":[30,60,90,120,150,180,210,240,270,300]}
2017-02-09 20:04:01,458 INFO BowlingPointsConsumer.Program - Calculated correctly for INPUT: {"points":[[3,2]],"token":"D5tlbuGfFdzOpz0zc7VZnsc55r6t7ZBO"}, OUTPUT: {"token":"D5tlbuGfFdzOpz0zc7VZnsc55r6t7ZBO","points":[5]}
2017-02-09 20:05:01,878 INFO BowlingPointsConsumer.Program - Calculated correctly for INPUT: {"points":[[9,0]],"token":"AqZvrEAtIGBzeZd3ilSEkzMSPm8bX5SO"}, OUTPUT: {"token":"AqZvrEAtIGBzeZd3ilSEkzMSPm8bX5SO","points":[9]}
2017-02-09 20:06:01,217 INFO BowlingPointsConsumer.Program - Calculated correctly for INPUT: {"points":[[0,5],[5,1],[6,1]],"token":"5ifRJ2qsQclXsbIETPilrYBpBWoaQF1q"}, OUTPUT: {"token":"5ifRJ2qsQclXsbIETPilrYBpBWoaQF1q","points":[5,11,18]}
2017-02-09 20:07:01,524 INFO BowlingPointsConsumer.Program - Calculated correctly for INPUT: {"points":[[7,0],[6,4],[9,0],[4,2],[4,2],[6,0],[7,0],[3,7],[9,1]],"token":"E6AWAHdfsNs7psbOUn4acXwnURzGsW2E"}, OUTPUT: {"token":"E6AWAHdfsNs7psbOUn4acXwnURzGsW2E","points":[7,26,35,41,47,53,60,79,89]}
2017-02-09 20:08:02,085 INFO BowlingPointsConsumer.Program - Calculated correctly for INPUT: {"points":[[3,0],[6,2],[4,1],[6,3],[3,6],[3,0],[3,5]],"token":"ut4HYO2LLYloi15qwmW1MV6ySfiGFbIO"}, OUTPUT: {"token":"ut4HYO2LLYloi15qwmW1MV6ySfiGFbIO","points":[3,11,16,25,34,37,45]}
2017-02-09 20:09:01,791 INFO BowlingPointsConsumer.Program - Calculated correctly for INPUT: {"points":[[0,8],[3,5],[1,6],[4,3]],"token":"eXKt9kr8rPhxuo8aNRWqItrRRAPmL4tA"}, OUTPUT: {"token":"eXKt9kr8rPhxuo8aNRWqItrRRAPmL4tA","points":[8,16,23,30]}
2017-02-09 20:10:02,201 INFO BowlingPointsConsumer.Program - Calculated correctly for INPUT: {"points":[[10,0],[4,0],[6,0],[5,0],[7,1],[9,0]],"token":"gQYyzc98wJ1BCzDPSoHCPetLWmVE7vxK"}, OUTPUT: {"token":"gQYyzc98wJ1BCzDPSoHCPetLWmVE7vxK","points":[14,18,24,29,37,46]}
2017-02-09 20:11:02,205 INFO BowlingPointsConsumer.Program - Calculated correctly for INPUT: {"points":[[8,1],[1,5],[4,1],[3,5],[5,2],[9,0]],"token":"YtppOuhXgfPLDW0VeB94jIxEEPdPto3j"}, OUTPUT: {"token":"YtppOuhXgfPLDW0VeB94jIxEEPdPto3j","points":[9,15,20,28,35,44]}
2017-02-09 20:12:01,948 INFO BowlingPointsConsumer.Program - Calculated correctly for INPUT: {"points":[[3,3],[8,2],[9,0],[10,0],[3,5],[6,3]],"token":"P3KOBrKxVGPHnNklHxQPWLTxSYEmMYmB"}, OUTPUT: {"token":"P3KOBrKxVGPHnNklHxQPWLTxSYEmMYmB","points":[6,25,34,52,60,69]}
2017-02-09 20:13:01,820 INFO BowlingPointsConsumer.Program - Calculated correctly for INPUT: {"points":[[6,2],[5,4],[0,7],[8,0]],"token":"c8RibGxKIIWpyGczjKBBZQsUAavShRYS"}, OUTPUT: {"token":"c8RibGxKIIWpyGczjKBBZQsUAavShRYS","points":[8,17,24,32]}
2017-02-09 20:14:02,431 INFO BowlingPointsConsumer.Program - Calculated correctly for INPUT: {"points":[[8,2],[10,0],[4,5],[2,6],[9,1],[0,4],[4,4],[9,0],[3,7],[9,1],[8,0]],"token":"M9fdixfu8APX0KzRbUY9STAak3gqCrqB"}, OUTPUT: {"token":"M9fdixfu8APX0KzRbUY9STAak3gqCrqB","points":[20,39,48,56,66,70,78,87,106,124]}
2017-02-09 20:15:02,109 INFO BowlingPointsConsumer.Program - Calculated correctly for INPUT: {"points":[[8,1],[7,0],[6,1],[7,0],[9,1],[5,2],[1,2],[4,0],[7,0],[6,2]],"token":"mp6t2jKEt7ivPQxdWXgSVjnzLrPSIiDl"}, OUTPUT: {"token":"mp6t2jKEt7ivPQxdWXgSVjnzLrPSIiDl","points":[9,16,23,30,45,52,55,59,66,74]}
2017-02-09 20:16:02,440 INFO BowlingPointsConsumer.Program - Calculated correctly for INPUT: {"points":[[0,3],[8,2],[0,8],[6,4]],"token":"x7pzvtKwF3W5k0jJkjL3L17zAjEQYeUc"}, OUTPUT: {"token":"x7pzvtKwF3W5k0jJkjL3L17zAjEQYeUc","points":[3,13,21,31]}
2017-02-09 20:17:02,649 INFO BowlingPointsConsumer.Program - Calculated correctly for INPUT: {"points":[[1,9],[0,7]],"token":"g7aw9hObNwN1r8dFuUhfucNdIIfuxEUJ"}, OUTPUT: {"token":"g7aw9hObNwN1r8dFuUhfucNdIIfuxEUJ","points":[10,17]}
2017-02-09 20:18:02,277 INFO BowlingPointsConsumer.Program - Calculated correctly for INPUT: {"points":[[0,9],[3,5],[0,8],[0,7],[2,5],[10,0],[0,6],[2,1],[7,3],[7,0]],"token":"TBPooUaeTxbJBoVBoSoOYy1pUTKFcQNg"}, OUTPUT: {"token":"TBPooUaeTxbJBoVBoSoOYy1pUTKFcQNg","points":[9,17,25,32,39,55,61,64,81,88]}
2017-02-09 20:19:01,858 INFO BowlingPointsConsumer.Program - Calculated correctly for INPUT: {"points":[[8,2]],"token":"5zKsgtM3XEu1jNGFHKerGN3yGOYqQ0Xv"}, OUTPUT: {"token":"5zKsgtM3XEu1jNGFHKerGN3yGOYqQ0Xv","points":[10]}
2017-02-09 20:20:02,279 INFO BowlingPointsConsumer.Program - Calculated correctly for INPUT: {"points":[[10,0],[2,5],[10,0],[1,3],[0,2]],"token":"o3FDl1XYivBWLJAkH0xggR13pRCluknw"}, OUTPUT: {"token":"o3FDl1XYivBWLJAkH0xggR13pRCluknw","points":[17,24,38,42,44]}
2017-02-09 20:21:01,972 INFO BowlingPointsConsumer.Program - Calculated correctly for INPUT: {"points":[[10,0],[10,0],[10,0],[10,0],[10,0],[10,0],[10,0],[10,0],[10,0],[10,0],[10,10]],"token":"qcnxQTJYEY3jqtPi94EIIJejTDRWJLUS"}, OUTPUT: {"token":"qcnxQTJYEY3jqtPi94EIIJejTDRWJLUS","points":[30,60,90,120,150,180,210,240,270,300]}
2017-02-09 20:22:01,754 INFO BowlingPointsConsumer.Program - Calculated correctly for INPUT: {"points":[[1,2],[10,0],[9,1],[0,8],[5,5],[2,0],[7,3],[2,3],[2,3]],"token":"ZvdCMHDCossawuhYx7GvYPeSR12m9avV"}, OUTPUT: {"token":"ZvdCMHDCossawuhYx7GvYPeSR12m9avV","points":[3,23,33,41,53,55,67,72,77]}
2017-02-09 20:23:01,769 INFO BowlingPointsConsumer.Program - Calculated correctly for INPUT: {"points":[[10,0],[10,0],[10,0],[10,0],[10,0],[10,0],[10,0],[10,0],[10,0],[10,0],[10,10]],"token":"RKiwsCObo82PM593MtEbYuOsSv8RxkDB"}, OUTPUT: {"token":"RKiwsCObo82PM593MtEbYuOsSv8RxkDB","points":[30,60,90,120,150,180,210,240,270,300]}
2017-02-09 20:24:01,652 INFO BowlingPointsConsumer.Program - Calculated correctly for INPUT: {"points":[[1,2],[3,6],[0,3],[10,0],[1,2],[8,0],[0,8],[8,1]],"token":"1osPsc9Unf5BW49kWYPmZwLYgXYvNbRk"}, OUTPUT: {"token":"1osPsc9Unf5BW49kWYPmZwLYgXYvNbRk","points":[3,12,15,28,31,39,47,56]}
2017-02-09 20:25:02,004 INFO BowlingPointsConsumer.Program - Calculated correctly for INPUT: {"points":[[3,3],[3,4],[6,0],[3,1]],"token":"gL06A8K8A4OSWKdWMaU7Pqi6TIFF53uf"}, OUTPUT: {"token":"gL06A8K8A4OSWKdWMaU7Pqi6TIFF53uf","points":[6,13,19,23]}
2017-02-09 20:26:01,546 INFO BowlingPointsConsumer.Program - Calculated correctly for INPUT: {"points":[[6,2],[8,2],[10,0],[5,2],[2,5],[6,2],[6,3],[1,9],[9,0],[9,0]],"token":"KOSK2gzGl3rR0elXahmEWbcVlhCcSpJ1"}, OUTPUT: {"token":"KOSK2gzGl3rR0elXahmEWbcVlhCcSpJ1","points":[8,28,45,52,59,67,76,95,104,113]}
2017-02-09 20:27:01,781 INFO BowlingPointsConsumer.Program - Calculated correctly for INPUT: {"points":[[10,0],[10,0],[10,0],[10,0],[10,0],[10,0],[10,0],[10,0],[10,0],[10,0],[10,10]],"token":"8tX4OLZL2nb7r8x76ZSB9S3sUTd3k8sg"}, OUTPUT: {"token":"8tX4OLZL2nb7r8x76ZSB9S3sUTd3k8sg","points":[30,60,90,120,150,180,210,240,270,300]}
2017-02-09 20:28:02,000 INFO BowlingPointsConsumer.Program - Calculated correctly for INPUT: {"points":[[3,6],[1,0],[7,0],[2,4],[10,0],[10,0],[3,7],[1,2],[8,0]],"token":"0z8kPDrQtyoeSx2PEg8StoLpviyRkNRG"}, OUTPUT: {"token":"0z8kPDrQtyoeSx2PEg8StoLpviyRkNRG","points":[9,10,17,23,46,66,77,80,88]}
2017-02-09 20:29:01,797 INFO BowlingPointsConsumer.Program - Calculated correctly for INPUT: {"points":[[10,0],[2,0],[1,9],[10,0],[7,2],[7,1],[2,5],[7,2]],"token":"llXVxVnps1snLcOFFcJnJ0aDAyudBbYh"}, OUTPUT: {"token":"llXVxVnps1snLcOFFcJnJ0aDAyudBbYh","points":[12,14,34,53,62,70,77,86]}
2017-02-09 20:30:01,793 INFO BowlingPointsConsumer.Program - Calculated correctly for INPUT: {"points":[[9,0],[0,2]],"token":"ex5tN25S3lId6PH81x0weg4Kh19kMpbq"}, OUTPUT: {"token":"ex5tN25S3lId6PH81x0weg4Kh19kMpbq","points":[9,11]}
2017-02-09 20:31:01,890 INFO BowlingPointsConsumer.Program - Calculated correctly for INPUT: {"points":[[0,2]],"token":"ABditJfvqiUcSwaUn13jDyMAEs9o8Tva"}, OUTPUT: {"token":"ABditJfvqiUcSwaUn13jDyMAEs9o8Tva","points":[2]}
2017-02-09 20:32:01,985 INFO BowlingPointsConsumer.Program - Calculated correctly for INPUT: {"points":[[10,0],[10,0],[10,0],[10,0],[10,0],[10,0],[10,0],[10,0],[10,0],[10,0],[10,10]],"token":"9L7WR6FxPxcz2wfhhGP7XKzjaLtIbOIv"}, OUTPUT: {"token":"9L7WR6FxPxcz2wfhhGP7XKzjaLtIbOIv","points":[30,60,90,120,150,180,210,240,270,300]}
2017-02-09 20:33:01,801 INFO BowlingPointsConsumer.Program - Calculated correctly for INPUT: {"points":[[5,0]],"token":"uoEDd5ZD0oQkrokmrvNaiFE8pQMhIdXV"}, OUTPUT: {"token":"uoEDd5ZD0oQkrokmrvNaiFE8pQMhIdXV","points":[5]}
2017-02-09 20:34:01,930 INFO BowlingPointsConsumer.Program - Calculated correctly for INPUT: {"points":[[1,5],[1,3],[9,1]],"token":"G24tafRivhvQtwnrrj7N1VdnsfqcHcIu"}, OUTPUT: {"token":"G24tafRivhvQtwnrrj7N1VdnsfqcHcIu","points":[6,10,20]}
2017-02-09 20:35:02,267 INFO BowlingPointsConsumer.Program - Calculated correctly for INPUT: {"points":[[4,6],[3,3],[9,0],[6,3]],"token":"i2jE5QmecuWHTrAQwI3tyIKkxxAB4qc1"}, OUTPUT: {"token":"i2jE5QmecuWHTrAQwI3tyIKkxxAB4qc1","points":[13,19,28,37]}
2017-02-09 20:36:02,044 INFO BowlingPointsConsumer.Program - Calculated correctly for INPUT: {"points":[[3,7],[8,1],[8,1]],"token":"Mn9nlBoGGKteKgLEX6fg3RK5Gar4P4p9"}, OUTPUT: {"token":"Mn9nlBoGGKteKgLEX6fg3RK5Gar4P4p9","points":[18,27,36]}
2017-02-09 20:37:01,766 INFO BowlingPointsConsumer.Program - Calculated correctly for INPUT: {"points":[[6,1],[2,7],[2,3]],"token":"e69AtejrWXClzBinL1PDElP5JGfwT9Au"}, OUTPUT: {"token":"e69AtejrWXClzBinL1PDElP5JGfwT9Au","points":[7,16,21]}
2017-02-09 20:38:01,739 INFO BowlingPointsConsumer.Program - Calculated correctly for INPUT: {"points":[[8,2],[2,4],[0,4],[10,0],[5,5],[0,9],[10,0]],"token":"juKhezRfyJhClPKc2M3Ey6uAWBwdBfq0"}, OUTPUT: {"token":"juKhezRfyJhClPKc2M3Ey6uAWBwdBfq0","points":[12,18,22,42,52,61,71]}
2017-02-09 20:39:02,240 INFO BowlingPointsConsumer.Program - Calculated correctly for INPUT: {"points":[[4,3],[7,0],[10,0],[7,2],[7,2],[6,0],[4,6],[9,1]],"token":"iTfIFDciTgEK5fvYnwUb9YQSHdHZ0W9O"}, OUTPUT: {"token":"iTfIFDciTgEK5fvYnwUb9YQSHdHZ0W9O","points":[7,14,33,42,51,57,76,86]}
2017-02-09 20:40:01,807 INFO BowlingPointsConsumer.Program - Calculated correctly for INPUT: {"points":[[3,1],[10,0]],"token":"ZZcAHG9x9mZEGUuiqlAzyzXuk8TFsui7"}, OUTPUT: {"token":"ZZcAHG9x9mZEGUuiqlAzyzXuk8TFsui7","points":[4,14]}
2017-02-09 20:41:01,415 INFO BowlingPointsConsumer.Program - Calculated correctly for INPUT: {"points":[[8,0],[5,0],[3,0],[3,4],[10,0]],"token":"hry3HTmkDbTNAhw0Y97ZiX6mfYDnvfWd"}, OUTPUT: {"token":"hry3HTmkDbTNAhw0Y97ZiX6mfYDnvfWd","points":[8,13,16,23,33]}
2017-02-09 20:42:01,734 INFO BowlingPointsConsumer.Program - Calculated correctly for INPUT: {"points":[[1,4],[7,1],[8,1],[2,3]],"token":"7KutLBj28y5nLUApbBgOIUoyn0CLOe3F"}, OUTPUT: {"token":"7KutLBj28y5nLUApbBgOIUoyn0CLOe3F","points":[5,13,22,27]}
2017-02-09 20:43:02,022 INFO BowlingPointsConsumer.Program - Calculated correctly for INPUT: {"points":[[7,1],[9,1],[0,2],[9,1],[7,2],[3,3],[8,1],[5,1],[3,1],[3,0]],"token":"96no7fCwrnfw5JIZISjINHPYCJZdpNwM"}, OUTPUT: {"token":"96no7fCwrnfw5JIZISjINHPYCJZdpNwM","points":[8,18,20,37,46,52,61,67,71,74]}
2017-02-09 20:44:01,962 INFO BowlingPointsConsumer.Program - Calculated correctly for INPUT: {"points":[[7,1],[1,3],[4,0],[3,0],[8,0],[9,0],[0,2],[3,7],[9,1],[7,2]],"token":"5j1N2sX0KJjEfX1ufMWwNivLeRpSKtbE"}, OUTPUT: {"token":"5j1N2sX0KJjEfX1ufMWwNivLeRpSKtbE","points":[8,12,16,19,27,36,38,57,74,83]}
2017-02-09 20:45:23,333 INFO BowlingPointsConsumer.Program - Calculated correctly for INPUT: {"points":[[2,0],[5,1],[5,3],[1,9],[5,1],[8,1],[4,6],[1,7],[0,0]],"token":"8oRYsFgIR7APXzUETYoWyd0o76rIkdnr"}, OUTPUT: {"token":"8oRYsFgIR7APXzUETYoWyd0o76rIkdnr","points":[2,8,16,31,37,46,57,65,65]}
2017-02-09 20:46:13,266 INFO BowlingPointsConsumer.Program - Calculated correctly for INPUT: {"points":[[8,2],[0,4]],"token":"VkhUweSMSlO0ePeQmMgA9v3SHGY8bjb8"}, OUTPUT: {"token":"VkhUweSMSlO0ePeQmMgA9v3SHGY8bjb8","points":[10,14]}
2017-02-09 20:47:01,885 INFO BowlingPointsConsumer.Program - Calculated correctly for INPUT: {"points":[[8,0],[3,0],[8,0],[6,3],[10,0],[0,1],[7,1],[3,0],[6,0]],"token":"NrIDvtBZUNYzIfhmdV40zdfHPj2CBilG"}, OUTPUT: {"token":"NrIDvtBZUNYzIfhmdV40zdfHPj2CBilG","points":[8,11,19,28,39,40,48,51,57]}
2017-02-09 20:48:02,158 INFO BowlingPointsConsumer.Program - Calculated correctly for INPUT: {"points":[[2,1]],"token":"zNYtgZblg1CONgoDnhlASALDTlEJlHuG"}, OUTPUT: {"token":"zNYtgZblg1CONgoDnhlASALDTlEJlHuG","points":[3]}
2017-02-09 20:49:04,884 INFO BowlingPointsConsumer.Program - Calculated correctly for INPUT: {"points":[[0,7],[6,3],[0,5],[6,0],[8,1],[9,0],[1,1],[9,1]],"token":"EseUA3xrePb4ZW38xyhRr0kipCQpmrQC"}, OUTPUT: {"token":"EseUA3xrePb4ZW38xyhRr0kipCQpmrQC","points":[7,16,21,27,36,45,47,57]}
2017-02-09 20:50:01,941 INFO BowlingPointsConsumer.Program - Calculated correctly for INPUT: {"points":[[4,1],[6,3]],"token":"AZmUONioNemvLNw1SIxhkYbtYj8ERv2J"}, OUTPUT: {"token":"AZmUONioNemvLNw1SIxhkYbtYj8ERv2J","points":[5,14]}
2017-02-09 20:51:01,808 INFO BowlingPointsConsumer.Program - Calculated correctly for INPUT: {"points":[[10,0],[10,0],[10,0],[10,0],[10,0],[10,0],[10,0],[10,0],[10,0],[10,0],[10,10]],"token":"q1MqCgTmisnASjVKGz8vHmztppAEPyYm"}, OUTPUT: {"token":"q1MqCgTmisnASjVKGz8vHmztppAEPyYm","points":[30,60,90,120,150,180,210,240,270,300]}
2017-02-09 20:52:01,992 INFO BowlingPointsConsumer.Program - Calculated correctly for INPUT: {"points":[[0,1],[5,2],[1,5],[10,0],[6,4],[3,2],[8,1],[9,0]],"token":"EAfsdhVpJqpwW5c7JwJwEb0LUbXfLN8X"}, OUTPUT: {"token":"EAfsdhVpJqpwW5c7JwJwEb0LUbXfLN8X","points":[1,8,14,34,47,52,61,70]}
2017-02-09 20:53:01,774 INFO BowlingPointsConsumer.Program - Calculated correctly for INPUT: {"points":[[5,5],[2,3]],"token":"j4pNAjQGQpQB8jqAthUbDZeZBr2EnZQb"}, OUTPUT: {"token":"j4pNAjQGQpQB8jqAthUbDZeZBr2EnZQb","points":[12,17]}
2017-02-09 20:54:01,800 INFO BowlingPointsConsumer.Program - Calculated correctly for INPUT: {"points":[[6,3],[1,4],[7,1],[4,1],[5,5]],"token":"gzpdCMoFUMNZWUbxr97obWZoojSJj9XN"}, OUTPUT: {"token":"gzpdCMoFUMNZWUbxr97obWZoojSJj9XN","points":[9,14,22,27,37]}
2017-02-09 20:55:01,828 INFO BowlingPointsConsumer.Program - Calculated correctly for INPUT: {"points":[[10,0],[10,0],[10,0],[10,0],[10,0],[10,0],[10,0],[10,0],[10,0],[10,0],[10,10]],"token":"RIYuQP5bkDtnWjL7N7njSFmmUs1HYBVn"}, OUTPUT: {"token":"RIYuQP5bkDtnWjL7N7njSFmmUs1HYBVn","points":[30,60,90,120,150,180,210,240,270,300]}
2017-02-09 20:56:01,936 INFO BowlingPointsConsumer.Program - Calculated correctly for INPUT: {"points":[[6,2],[1,3]],"token":"GCGrE6iJVUp6naGaC2mnUGCinkW3ztN5"}, OUTPUT: {"token":"GCGrE6iJVUp6naGaC2mnUGCinkW3ztN5","points":[8,12]}
2017-02-09 20:57:01,965 INFO BowlingPointsConsumer.Program - Calculated correctly for INPUT: {"points":[[9,0],[9,1],[7,1],[6,3],[0,6],[8,0],[0,0],[3,7]],"token":"qjPDPId2B9zDZ3Xtv05jp7eO2FsUH4Wi"}, OUTPUT: {"token":"qjPDPId2B9zDZ3Xtv05jp7eO2FsUH4Wi","points":[9,26,34,43,49,57,57,67]}
2017-02-09 20:58:01,848 INFO BowlingPointsConsumer.Program - Calculated correctly for INPUT: {"points":[[0,7],[1,9],[0,2],[0,9],[1,8],[2,1],[10,0],[5,0],[2,3],[0,8]],"token":"M1CBZ7eUr8fGM8lj5EKbpztpYhYcV2Gc"}, OUTPUT: {"token":"M1CBZ7eUr8fGM8lj5EKbpztpYhYcV2Gc","points":[7,17,19,28,37,40,55,60,65,73]}
2017-02-09 20:59:01,813 INFO BowlingPointsConsumer.Program - Calculated correctly for INPUT: {"points":[[10,0],[0,10],[9,1],[4,1],[9,1],[2,8],[4,4],[1,0]],"token":"sXEWVjW1y6pz5UDIYMx9qD4QrCnIClpM"}, OUTPUT: {"token":"sXEWVjW1y6pz5UDIYMx9qD4QrCnIClpM","points":[20,39,53,58,70,84,92,93]}
2017-02-09 21:00:01,818 INFO BowlingPointsConsumer.Program - Calculated correctly for INPUT: {"points":[[6,4],[2,7],[3,2],[8,2]],"token":"oOzVNOF0pOD23Pp24HExVvHHjj2Xk50j"}, OUTPUT: {"token":"oOzVNOF0pOD23Pp24HExVvHHjj2Xk50j","points":[12,21,26,36]}
2017-02-09 21:01:02,005 INFO BowlingPointsConsumer.Program - Calculated correctly for INPUT: {"points":[[0,1],[1,4],[4,4],[4,1],[3,2]],"token":"B6xoMiXPVWtU5dJEYMSJkcymaLgeIEtq"}, OUTPUT: {"token":"B6xoMiXPVWtU5dJEYMSJkcymaLgeIEtq","points":[1,6,14,19,24]}
2017-02-09 21:02:02,003 INFO BowlingPointsConsumer.Program - Calculated correctly for INPUT: {"points":[[0,1],[8,2],[6,4],[10,0]],"token":"koZ67P8aVUNwLBtF7eeq1YgkscmydEMl"}, OUTPUT: {"token":"koZ67P8aVUNwLBtF7eeq1YgkscmydEMl","points":[1,17,37,47]}
2017-02-09 21:03:01,992 INFO BowlingPointsConsumer.Program - Calculated correctly for INPUT: {"points":[[10,0],[10,0],[10,0],[10,0],[10,0],[10,0],[10,0],[10,0],[10,0],[10,0],[10,10]],"token":"2w8kJK5qCruZchuAoZqGp3FnmFFbtTQy"}, OUTPUT: {"token":"2w8kJK5qCruZchuAoZqGp3FnmFFbtTQy","points":[30,60,90,120,150,180,210,240,270,300]}
2017-02-09 21:04:02,125 INFO BowlingPointsConsumer.Program - Calculated correctly for INPUT: {"points":[[10,0],[6,2],[8,1],[1,5]],"token":"fZB38MdhM68mWlQpPTpFlWdcuDWWmFvq"}, OUTPUT: {"token":"fZB38MdhM68mWlQpPTpFlWdcuDWWmFvq","points":[18,26,35,41]}
2017-02-09 21:05:02,499 INFO BowlingPointsConsumer.Program - Calculated correctly for INPUT: {"points":[[7,0],[1,6],[8,2],[3,1],[6,1],[4,4],[9,1]],"token":"TaAl5m4CD9p5nAPZ4LkZD5yiMe0hAwDG"}, OUTPUT: {"token":"TaAl5m4CD9p5nAPZ4LkZD5yiMe0hAwDG","points":[7,14,27,31,38,46,56]}
2017-02-09 21:06:01,734 INFO BowlingPointsConsumer.Program - Calculated correctly for INPUT: {"points":[[1,5],[10,0],[9,0],[0,10],[10,0]],"token":"g7Sb3yneBhc1zGazhohH9N1WAYIV00Lx"}, OUTPUT: {"token":"g7Sb3yneBhc1zGazhohH9N1WAYIV00Lx","points":[6,25,34,54,64]}
2017-02-09 21:07:02,001 INFO BowlingPointsConsumer.Program - Calculated correctly for INPUT: {"points":[[6,0],[3,5]],"token":"fxQdqXJABpXFAHcOMAR80lOvs3fy1H5B"}, OUTPUT: {"token":"fxQdqXJABpXFAHcOMAR80lOvs3fy1H5B","points":[6,14]}
2017-02-09 21:08:01,719 INFO BowlingPointsConsumer.Program - Calculated correctly for INPUT: {"points":[[10,0],[5,2],[10,0],[4,3]],"token":"wMGrQ7JNqz1BcmfKBg35rwLWKhHLvqPg"}, OUTPUT: {"token":"wMGrQ7JNqz1BcmfKBg35rwLWKhHLvqPg","points":[17,24,41,48]}
2017-02-09 21:09:01,954 INFO BowlingPointsConsumer.Program - Calculated correctly for INPUT: {"points":[[10,0],[10,0],[10,0],[10,0],[10,0],[10,0],[10,0],[10,0],[10,0],[10,0],[10,10]],"token":"aRHzKeQSJQ45wsLmwysO7VtImd0NeD7Q"}, OUTPUT: {"token":"aRHzKeQSJQ45wsLmwysO7VtImd0NeD7Q","points":[30,60,90,120,150,180,210,240,270,300]}
2017-02-09 21:10:01,662 INFO BowlingPointsConsumer.Program - Calculated correctly for INPUT: {"points":[[5,3],[4,2]],"token":"a9ZYOxMLpN7Bnl7lECtcYDmVcv2Os3h4"}, OUTPUT: {"token":"a9ZYOxMLpN7Bnl7lECtcYDmVcv2Os3h4","points":[8,14]}
2017-02-09 21:11:01,849 INFO BowlingPointsConsumer.Program - Calculated correctly for INPUT: {"points":[[0,10],[8,2],[1,4],[8,0],[0,5],[1,3],[8,2],[8,0],[4,3]],"token":"1TtlOM9n0Ze8w40621kt3Qmdnk11czcA"}, OUTPUT: {"token":"1TtlOM9n0Ze8w40621kt3Qmdnk11czcA","points":[18,29,34,42,47,51,69,77,84]}
2017-02-09 21:12:02,141 INFO BowlingPointsConsumer.Program - Calculated correctly for INPUT: {"points":[[8,2],[5,1],[1,4],[6,2],[10,0],[7,0],[5,2],[8,1],[9,1]],"token":"mG8ZWz5W8T7oqLiZl06ybTJkitwkBfi9"}, OUTPUT: {"token":"mG8ZWz5W8T7oqLiZl06ybTJkitwkBfi9","points":[15,21,26,34,51,58,65,74,84]}
2017-02-09 21:13:01,891 INFO BowlingPointsConsumer.Program - Calculated correctly for INPUT: {"points":[[3,7],[2,4],[0,6],[9,1],[6,0],[4,5]],"token":"GDnj5CryuUs07GZN34dzwMZlh2Ri1uSm"}, OUTPUT: {"token":"GDnj5CryuUs07GZN34dzwMZlh2Ri1uSm","points":[12,18,24,40,46,55]}
2017-02-09 21:14:01,780 INFO BowlingPointsConsumer.Program - Calculated correctly for INPUT: {"points":[[10,0],[10,0],[10,0],[10,0],[10,0],[10,0],[10,0],[10,0],[10,0],[10,0],[10,10]],"token":"P9Ufyatl3OT02spkv8OZjWuC5yXd0FVt"}, OUTPUT: {"token":"P9Ufyatl3OT02spkv8OZjWuC5yXd0FVt","points":[30,60,90,120,150,180,210,240,270,300]}
2017-02-09 21:15:01,918 INFO BowlingPointsConsumer.Program - Calculated correctly for INPUT: {"points":[[3,6]],"token":"3ikFBLGBVFIs0ZN2uFz2zUn9IkkwVnZT"}, OUTPUT: {"token":"3ikFBLGBVFIs0ZN2uFz2zUn9IkkwVnZT","points":[9]}
2017-02-09 21:16:02,114 INFO BowlingPointsConsumer.Program - Calculated correctly for INPUT: {"points":[[7,0],[0,9],[7,2],[0,0]],"token":"UulvthPkng5qtVzRQ7tG6OPjukxX3Has"}, OUTPUT: {"token":"UulvthPkng5qtVzRQ7tG6OPjukxX3Has","points":[7,16,25,25]}
2017-02-09 21:17:01,660 INFO BowlingPointsConsumer.Program - Calculated correctly for INPUT: {"points":[[6,4],[2,4],[9,0],[10,0],[3,3],[7,1],[6,3],[4,1],[2,3]],"token":"ZBbyFyDoE1Fr8lDFnK9GHEOy79vUjg9q"}, OUTPUT: {"token":"ZBbyFyDoE1Fr8lDFnK9GHEOy79vUjg9q","points":[12,18,27,43,49,57,66,71,76]}
2017-02-09 21:18:02,424 INFO BowlingPointsConsumer.Program - Calculated correctly for INPUT: {"points":[[9,0],[7,3],[10,0],[6,2],[7,3],[9,0],[3,6],[8,0]],"token":"fuQOx0zLaN5hqJGGFde2DyHAEkaBr2k2"}, OUTPUT: {"token":"fuQOx0zLaN5hqJGGFde2DyHAEkaBr2k2","points":[9,29,47,55,74,83,92,100]}
2017-02-09 21:19:01,737 INFO BowlingPointsConsumer.Program - Calculated correctly for INPUT: {"points":[[2,7],[8,1],[1,3],[3,3]],"token":"4YUi5zDaCdIRi8KYc4WObHh725uILl1C"}, OUTPUT: {"token":"4YUi5zDaCdIRi8KYc4WObHh725uILl1C","points":[9,18,22,28]}
2017-02-09 21:20:01,858 INFO BowlingPointsConsumer.Program - Calculated correctly for INPUT: {"points":[[4,5],[3,3],[7,0],[3,6],[1,0],[9,1],[10,0],[3,6],[4,1],[2,6]],"token":"FOzU2mGa0GNojp4DX0wABo4DSZkA56fD"}, OUTPUT: {"token":"FOzU2mGa0GNojp4DX0wABo4DSZkA56fD","points":[9,15,22,31,32,52,71,80,85,93]}
2017-02-09 21:21:01,843 INFO BowlingPointsConsumer.Program - Calculated correctly for INPUT: {"points":[[5,3],[10,0],[0,10],[3,1],[10,0],[10,0],[8,2],[9,0]],"token":"tqaZWVHK37qham75CL4Rk7QxTYsoz1hL"}, OUTPUT: {"token":"tqaZWVHK37qham75CL4Rk7QxTYsoz1hL","points":[8,28,41,45,73,93,112,121]}
2017-02-09 21:22:01,765 INFO BowlingPointsConsumer.Program - Calculated correctly for INPUT: {"points":[[10,0],[1,8],[10,0],[9,0]],"token":"POEtmI1qT1WkdethhY0huS3SSLsd5mjD"}, OUTPUT: {"token":"POEtmI1qT1WkdethhY0huS3SSLsd5mjD","points":[19,28,47,56]}
2017-02-09 21:23:01,861 INFO BowlingPointsConsumer.Program - Calculated correctly for INPUT: {"points":[[1,3],[6,2],[5,4],[10,0],[1,3],[2,3],[7,3],[6,4]],"token":"ZaAQPpE8jga6rh9DpFWY1pxloQQQL4Rd"}, OUTPUT: {"token":"ZaAQPpE8jga6rh9DpFWY1pxloQQQL4Rd","points":[4,12,21,35,39,44,60,70]}
2017-02-09 21:24:01,822 WARN BowlingPointsConsumer.Program - Calculated wrongly for INPUT: {"points":[[0,6],[5,5],[8,2],[9,0],[0,0],[10,0],[10,0],[0,5]],"token":"HzzTOqr8SF4uKA97DBCu4cZ7prSrwd9U"}, OUTPUT: {"token":"HzzTOqr8SF4uKA97DBCu4cZ7prSrwd9U","points":[6,18,19,9,0,20,15,5]}
2017-02-09 21:25:01,936 WARN BowlingPointsConsumer.Program - Calculated wrongly for INPUT: {"points":[[10,0],[10,0],[10,0],[10,0],[10,0],[10,0],[10,0],[10,0],[10,0],[10,0],[10,10]],"token":"sVnnazoIxbDCLJBJEufzbwerC8Jkyidl"}, OUTPUT: {"token":"sVnnazoIxbDCLJBJEufzbwerC8Jkyidl","points":[30,30,30,30,30,30,30,30,30,30]}
2017-02-09 21:26:01,952 WARN BowlingPointsConsumer.Program - Calculated wrongly for INPUT: {"points":[[5,1],[3,4],[2,0],[2,2],[1,6],[4,2]],"token":"k3gJSJIRZtwlAQbETToKt0c0dkuWttla"}, OUTPUT: {"token":"k3gJSJIRZtwlAQbETToKt0c0dkuWttla","points":[6,7,2,4,7,6]}
2017-02-09 21:27:01,750 WARN BowlingPointsConsumer.Program - Calculated wrongly for INPUT: {"points":[[0,6],[5,1],[1,8],[9,0],[2,8]],"token":"ZDRCLDP2SziUuDLmCAoVa4ongGOnpEiM"}, OUTPUT: {"token":"ZDRCLDP2SziUuDLmCAoVa4ongGOnpEiM","points":[6,6,9,9,10]}
2017-02-09 21:28:01,526 WARN BowlingPointsConsumer.Program - Calculated wrongly for INPUT: {"points":[[2,4],[10,0],[8,0],[8,1],[0,3],[5,4]],"token":"MSiXoRfkXPWFNhkrjkihXO980Rz1NAia"}, OUTPUT: {"token":"MSiXoRfkXPWFNhkrjkihXO980Rz1NAia","points":[6,18,8,9,3,9]}
2017-02-09 21:29:01,867 WARN BowlingPointsConsumer.Program - Calculated wrongly for INPUT: {"points":[[9,1],[3,6],[4,2],[6,1]],"token":"xcwcExZEIvqD5W1OoYe9iF25ETqdY3d4"}, OUTPUT: {"token":"xcwcExZEIvqD5W1OoYe9iF25ETqdY3d4","points":[13,9,6,7]}
2017-02-09 21:30:02,426 WARN BowlingPointsConsumer.Program - Calculated wrongly for INPUT: {"points":[[7,2],[5,1],[10,0],[6,1],[5,4],[3,5],[10,0],[3,3],[9,1],[6,4],[4,0]],"token":"HU7dEychc7sc3JV9VrzcgJhVJYackt5A"}, OUTPUT: {"token":"HU7dEychc7sc3JV9VrzcgJhVJYackt5A","points":[9,6,17,7,9,8,16,6,16,14]}
2017-02-09 21:31:01,863 WARN BowlingPointsConsumer.Program - Calculated wrongly for INPUT: {"points":[[0,10],[6,1]],"token":"g0om4jGfGoyWcqrX7iYtkhmazlaylDZN"}, OUTPUT: {"token":"g0om4jGfGoyWcqrX7iYtkhmazlaylDZN","points":[16,7]}
2017-02-09 21:32:01,574 WARN BowlingPointsConsumer.Program - Calculated wrongly for INPUT: {"points":[[4,4],[2,8],[10,0],[9,1],[5,1],[3,6],[0,2],[2,2],[7,0],[0,3]],"token":"glI4nbihmPSbzL8OlFwy5dqMcwrVQ4kj"}, OUTPUT: {"token":"glI4nbihmPSbzL8OlFwy5dqMcwrVQ4kj","points":[8,20,20,15,6,9,2,4,7,3]}
2017-02-09 21:33:01,779 WARN BowlingPointsConsumer.Program - Calculated wrongly for INPUT: {"points":[[4,4],[5,0]],"token":"W9HGlksQCUUV1g9Lhxi5cbPg0hG4r99w"}, OUTPUT: {"token":"W9HGlksQCUUV1g9Lhxi5cbPg0hG4r99w","points":[8,5]}
2017-02-09 21:34:01,946 WARN BowlingPointsConsumer.Program - Calculated wrongly for INPUT: {"points":[[7,3],[3,4]],"token":"M3cP8wLmNWtp9PapWclgqF61qGQRqjqy"}, OUTPUT: {"token":"M3cP8wLmNWtp9PapWclgqF61qGQRqjqy","points":[13,7]}
2017-02-09 21:35:02,092 WARN BowlingPointsConsumer.Program - Calculated wrongly for INPUT: {"points":[[4,0],[10,0],[0,5],[7,0],[0,1],[7,1],[0,6],[5,5],[1,9],[1,4]],"token":"CSkbx3QggTUf0PoO3v3EGKXW1szwwd3e"}, OUTPUT: {"token":"CSkbx3QggTUf0PoO3v3EGKXW1szwwd3e","points":[4,15,5,7,1,8,6,11,11,5]}
2017-02-09 21:36:01,841 WARN BowlingPointsConsumer.Program - Calculated wrongly for INPUT: {"points":[[3,3],[4,1],[2,3],[3,2],[9,1]],"token":"rqwvXpTrWvUaVk8Wr0ItPK64b1bnrBbp"}, OUTPUT: {"token":"rqwvXpTrWvUaVk8Wr0ItPK64b1bnrBbp","points":[6,5,5,5,10]}
2017-02-09 21:37:01,841 WARN BowlingPointsConsumer.Program - Calculated wrongly for INPUT: {"points":[[1,1],[6,0]],"token":"TesS5RJKIAVAjsEin5IaoM5OOOcpQ5bJ"}, OUTPUT: {"token":"TesS5RJKIAVAjsEin5IaoM5OOOcpQ5bJ","points":[2,6]}
2017-02-09 21:38:01,832 INFO BowlingPointsConsumer.Program - Calculated correctly for INPUT: {"points":[[8,2],[6,4],[4,1],[8,2],[9,1]],"token":"VcDQ74hIxJPDD3z6HpXBJ72EpqwsFJUs"}, OUTPUT: {"token":"VcDQ74hIxJPDD3z6HpXBJ72EpqwsFJUs","points":[16,30,35,54,64]}
2017-02-09 21:39:04,645 INFO BowlingPointsConsumer.Program - Calculated correctly for INPUT: {"points":[[5,4]],"token":"sw8dyk1iN1DkvCpU9BqOK7JY2b6TIA0X"}, OUTPUT: {"token":"sw8dyk1iN1DkvCpU9BqOK7JY2b6TIA0X","points":[9]}
2017-02-09 21:40:02,172 INFO BowlingPointsConsumer.Program - Calculated correctly for INPUT: {"points":[[8,1],[10,0],[6,2],[6,1],[2,2]],"token":"3iECyqToU7XFZBl7cXlUDqozZWvtXdG8"}, OUTPUT: {"token":"3iECyqToU7XFZBl7cXlUDqozZWvtXdG8","points":[9,27,35,42,46]}
2017-02-09 21:41:01,385 INFO BowlingPointsConsumer.Program - Calculated correctly for INPUT: {"points":[[6,3],[10,0],[5,4],[6,2],[2,0],[10,0]],"token":"RWRopyxErgl7NZbvY3AYxsD5c5SKPi20"}, OUTPUT: {"token":"RWRopyxErgl7NZbvY3AYxsD5c5SKPi20","points":[9,28,37,45,47,57]}
2017-02-09 21:42:02,478 INFO BowlingPointsConsumer.Program - Calculated correctly for INPUT: {"points":[[1,0],[8,2],[2,8],[5,1],[4,1],[3,5],[9,1]],"token":"wuKlPFS4tx5rT3ZXTiOPh9zlze1Xkagz"}, OUTPUT: {"token":"wuKlPFS4tx5rT3ZXTiOPh9zlze1Xkagz","points":[1,13,28,34,39,47,57]}
2017-02-09 21:43:02,362 INFO BowlingPointsConsumer.Program - Calculated correctly for INPUT: {"points":[[7,3]],"token":"5EIO2o8kCgcxNRFJRxcqiXPdyMY7AKoB"}, OUTPUT: {"token":"5EIO2o8kCgcxNRFJRxcqiXPdyMY7AKoB","points":[10]}
2017-02-09 21:44:01,659 INFO BowlingPointsConsumer.Program - Calculated correctly for INPUT: {"points":[[8,0],[6,3],[4,3],[10,0],[0,3],[9,0],[5,4],[6,2]],"token":"UaxKVKkT0Glf9xRj9cSVXyk63Bj3nF2P"}, OUTPUT: {"token":"UaxKVKkT0Glf9xRj9cSVXyk63Bj3nF2P","points":[8,17,24,37,40,49,58,66]}
2017-02-09 21:45:08,324 INFO BowlingPointsConsumer.Program - Calculated correctly for INPUT: {"points":[[5,5],[3,5],[10,0],[7,0],[5,0],[8,0],[9,0],[10,0],[1,1],[4,5]],"token":"3JQhdkadLzyMaXUI065KWgAzx6zilPit"}, OUTPUT: {"token":"3JQhdkadLzyMaXUI065KWgAzx6zilPit","points":[13,21,38,45,50,58,67,79,81,90]}
2017-02-09 21:46:02,314 INFO BowlingPointsConsumer.Program - Calculated correctly for INPUT: {"points":[[2,0],[7,1],[6,2],[9,0],[0,10]],"token":"FRMntQz7UPxzTD2YYDkpZIbzsngm1Byn"}, OUTPUT: {"token":"FRMntQz7UPxzTD2YYDkpZIbzsngm1Byn","points":[2,10,18,27,37]}
2017-02-09 21:47:02,696 INFO BowlingPointsConsumer.Program - Calculated correctly for INPUT: {"points":[[4,5],[0,0],[2,6],[8,0],[2,2],[0,5]],"token":"czWwxTbt1ghCyJgKJ6GruF2bqyouYIWG"}, OUTPUT: {"token":"czWwxTbt1ghCyJgKJ6GruF2bqyouYIWG","points":[9,9,17,25,29,34]}
2017-02-09 21:48:01,967 INFO BowlingPointsConsumer.Program - Calculated correctly for INPUT: {"points":[[4,0],[3,3],[5,2],[7,1],[8,0],[2,3],[6,4]],"token":"csQ77d3UwTGEVjo1zFEe3nTSRGZ01fLc"}, OUTPUT: {"token":"csQ77d3UwTGEVjo1zFEe3nTSRGZ01fLc","points":[4,10,17,25,33,38,48]}
2017-02-09 21:49:02,164 WARN BowlingPointsConsumer.Program - Calculated wrongly for INPUT: {"points":[[0,10],[6,3],[5,1],[3,3],[10,0],[10,0]],"token":"oV1llVpwgcXvDj40gKGAKp04fxihHwy4"}, OUTPUT: {"token":"oV1llVpwgcXvDj40gKGAKp04fxihHwy4","points":[16,25,31,37,47,57]}
2017-02-09 21:50:03,064 INFO BowlingPointsConsumer.Program - Calculated correctly for INPUT: {"points":[[10,0],[9,1],[1,4],[1,9],[7,1]],"token":"F8JxQlqfQVmNQbPLbALDr15MJyTcxVof"}, OUTPUT: {"token":"F8JxQlqfQVmNQbPLbALDr15MJyTcxVof","points":[20,31,36,53,61]}
2017-02-09 21:51:02,414 INFO BowlingPointsConsumer.Program - Calculated correctly for INPUT: {"points":[[7,0],[4,5],[9,1]],"token":"dznNUIRGnYkFImfNOJF4GjQoiFEcvC14"}, OUTPUT: {"token":"dznNUIRGnYkFImfNOJF4GjQoiFEcvC14","points":[7,16,26]}
2017-02-09 21:52:02,035 INFO BowlingPointsConsumer.Program - Calculated correctly for INPUT: {"points":[[8,1],[3,6],[5,5],[0,7],[1,0]],"token":"g2yWGvgJMFFOqVrxBJ02oJ3yhHlM0PjT"}, OUTPUT: {"token":"g2yWGvgJMFFOqVrxBJ02oJ3yhHlM0PjT","points":[9,18,28,35,36]}
2017-02-09 21:53:02,140 INFO BowlingPointsConsumer.Program - Calculated correctly for INPUT: {"points":[[9,0],[9,0],[9,0],[10,0],[3,7],[10,0],[8,0]],"token":"b2voyA9PADcHRz9cZPxItRg8B88JWVrf"}, OUTPUT: {"token":"b2voyA9PADcHRz9cZPxItRg8B88JWVrf","points":[9,18,27,47,67,85,93]}
2017-02-09 21:54:01,861 INFO BowlingPointsConsumer.Program - Calculated correctly for INPUT: {"points":[[10,0],[10,0],[10,0],[10,0],[10,0],[10,0],[10,0],[10,0],[10,0],[10,0],[10,10]],"token":"PWRJ9s6lxot5Ie3KJkV8cPDofVJMrV3N"}, OUTPUT: {"token":"PWRJ9s6lxot5Ie3KJkV8cPDofVJMrV3N","points":[30,60,90,120,150,180,210,240,270,300]}
2017-02-09 21:55:02,188 INFO BowlingPointsConsumer.Program - Calculated correctly for INPUT: {"points":[[8,2],[3,2],[10,0],[0,3],[9,0]],"token":"PU64vHyemk2TJqpiRj1WN7y7GRGSjpvX"}, OUTPUT: {"token":"PU64vHyemk2TJqpiRj1WN7y7GRGSjpvX","points":[13,18,31,34,43]}
2017-02-09 21:56:01,424 INFO BowlingPointsConsumer.Program - Calculated correctly for INPUT: {"points":[[6,3],[4,2],[2,0],[9,0],[2,7]],"token":"esvB49IFsfjt7Ja6ARtH4iNMwCco4yJU"}, OUTPUT: {"token":"esvB49IFsfjt7Ja6ARtH4iNMwCco4yJU","points":[9,15,17,26,35]}
2017-02-09 21:57:02,664 INFO BowlingPointsConsumer.Program - Calculated correctly for INPUT: {"points":[[10,0],[10,0],[10,0],[10,0],[10,0],[10,0],[10,0],[10,0],[10,0],[10,0],[10,10]],"token":"QKBsf9uJ0cnFJKhhwcsKgfKTuEU8ri7N"}, OUTPUT: {"token":"QKBsf9uJ0cnFJKhhwcsKgfKTuEU8ri7N","points":[30,60,90,120,150,180,210,240,270,300]}
2017-02-09 21:58:02,059 INFO BowlingPointsConsumer.Program - Calculated correctly for INPUT: {"points":[[10,0],[6,1],[4,2],[10,0],[2,4],[7,1],[1,8]],"token":"wXtq1uxwD9Z42gZEfzao1jkLPR0uYXfS"}, OUTPUT: {"token":"wXtq1uxwD9Z42gZEfzao1jkLPR0uYXfS","points":[17,24,30,46,52,60,69]}
2017-02-09 21:59:02,806 INFO BowlingPointsConsumer.Program - Calculated correctly for INPUT: {"points":[[1,9],[1,5],[1,6],[10,0],[6,3],[9,0],[9,0],[5,5],[0,5]],"token":"nYZzK7ovNKQkYBY15OwFOKnTXkEisEl7"}, OUTPUT: {"token":"nYZzK7ovNKQkYBY15OwFOKnTXkEisEl7","points":[11,17,24,43,52,61,70,80,85]}
2017-02-09 22:00:01,910 INFO BowlingPointsConsumer.Program - Calculated correctly for INPUT: {"points":[[10,0],[2,5],[0,1],[3,5],[5,3],[0,5]],"token":"jE9GCTO1T23HGmt8mrXAywVfJpSNFKPc"}, OUTPUT: {"token":"jE9GCTO1T23HGmt8mrXAywVfJpSNFKPc","points":[17,24,25,33,41,46]}
2017-02-09 22:55:02,684 INFO BowlingPointsConsumer.Program - Calculated correctly for INPUT: {"points":[[9,0],[5,2],[2,6],[3,3],[10,0],[5,5],[0,4],[2,6],[1,7],[7,0]],"token":"25Cdw1All1x1zAf0wYLcDl1oYL2a7QzY"}, OUTPUT: {"token":"25Cdw1All1x1zAf0wYLcDl1oYL2a7QzY","points":[9,16,24,30,50,60,64,72,80,87]}
2017-02-09 22:56:01,848 INFO BowlingPointsConsumer.Program - Calculated correctly for INPUT: {"points":[[7,3]],"token":"klkl4wuKvLOw7v0hP0QKe49vg1PcLrzX"}, OUTPUT: {"token":"klkl4wuKvLOw7v0hP0QKe49vg1PcLrzX","points":[10]}
2017-02-09 22:57:02,200 INFO BowlingPointsConsumer.Program - Calculated correctly for INPUT: {"points":[[8,0],[1,2],[1,2],[8,0],[8,1],[3,2],[0,6],[0,4],[0,10]],"token":"aPhTYOWtWPZ5LwsZYK05Vgo0tbv3UDRR"}, OUTPUT: {"token":"aPhTYOWtWPZ5LwsZYK05Vgo0tbv3UDRR","points":[8,11,14,22,31,36,42,46,56]}
2017-02-09 22:58:01,999 INFO BowlingPointsConsumer.Program - Calculated correctly for INPUT: {"points":[[3,0]],"token":"yyuwbUdQFbRLLvzqPODuinMsh3pFBzSD"}, OUTPUT: {"token":"yyuwbUdQFbRLLvzqPODuinMsh3pFBzSD","points":[3]}
2017-02-09 22:59:01,878 INFO BowlingPointsConsumer.Program - Calculated correctly for INPUT: {"points":[[10,0],[10,0],[10,0],[10,0],[10,0],[10,0],[10,0],[10,0],[10,0],[10,0],[10,10]],"token":"njCV92w210iTLcuHUMY0PKOrJixz67Vh"}, OUTPUT: {"token":"njCV92w210iTLcuHUMY0PKOrJixz67Vh","points":[30,60,90,120,150,180,210,240,270,300]}
2017-02-09 23:00:02,181 INFO BowlingPointsConsumer.Program - Calculated correctly for INPUT: {"points":[[3,5],[3,2],[3,6],[3,2],[4,2]],"token":"p7lb454VaNlH3YvDB1aSRNHPx5fVYmIt"}, OUTPUT: {"token":"p7lb454VaNlH3YvDB1aSRNHPx5fVYmIt","points":[8,13,22,27,33]}
2017-02-09 23:01:02,061 INFO BowlingPointsConsumer.Program - Calculated correctly for INPUT: {"points":[[7,2],[0,8],[8,1],[5,3],[0,5],[10,0],[7,0],[6,1]],"token":"JC7dwROrsBNgzbrIwknMOOoLpfiYYwem"}, OUTPUT: {"token":"JC7dwROrsBNgzbrIwknMOOoLpfiYYwem","points":[9,17,26,34,39,56,63,70]}
2017-02-09 23:02:01,813 INFO BowlingPointsConsumer.Program - Calculated correctly for INPUT: {"points":[[10,0],[10,0],[1,1],[9,1]],"token":"B2OTuGw7kJDTr3fNLamhhq1W8M0DZmw9"}, OUTPUT: {"token":"B2OTuGw7kJDTr3fNLamhhq1W8M0DZmw9","points":[21,33,35,45]}
2017-02-09 23:03:01,716 INFO BowlingPointsConsumer.Program - Calculated correctly for INPUT: {"points":[[9,0],[2,5],[7,2]],"token":"jJesqyPhqe1UPjAZHiQVZwhZSTh4zP4c"}, OUTPUT: {"token":"jJesqyPhqe1UPjAZHiQVZwhZSTh4zP4c","points":[9,16,25]}
2017-02-09 23:04:02,166 INFO BowlingPointsConsumer.Program - Calculated correctly for INPUT: {"points":[[4,0],[0,0],[9,0],[2,1],[1,1],[1,6],[10,0],[4,2],[8,2],[1,1]],"token":"OyFiTDaSJterehcRiaKmXCLep1wTjap3"}, OUTPUT: {"token":"OyFiTDaSJterehcRiaKmXCLep1wTjap3","points":[4,4,13,16,18,25,41,47,58,60]}
2017-02-09 23:05:02,204 INFO BowlingPointsConsumer.Program - Calculated correctly for INPUT: {"points":[[1,8],[0,8],[5,5],[10,0],[5,0]],"token":"0VQseaSXOHpsZ5ZXkVsrGeAxxmUZORE2"}, OUTPUT: {"token":"0VQseaSXOHpsZ5ZXkVsrGeAxxmUZORE2","points":[9,17,37,52,57]}
2017-02-09 23:06:01,246 INFO BowlingPointsConsumer.Program - Calculated correctly for INPUT: {"points":[[1,9],[1,1],[9,1],[7,3],[0,7],[10,0],[9,1],[0,0],[6,2],[10,0],[1,1]],"token":"QjXXLMm0qy7W05XH6jKT9ifD0fCA5HY8"}, OUTPUT: {"token":"QjXXLMm0qy7W05XH6jKT9ifD0fCA5HY8","points":[11,13,30,40,47,67,77,77,85,97]}
2017-02-09 23:07:01,677 INFO BowlingPointsConsumer.Program - Calculated correctly for INPUT: {"points":[[1,8],[7,3],[4,4],[6,2],[5,4],[6,2],[2,3]],"token":"cQ2xkHOwgkzu4hXnVxmSRVloh6u6mboO"}, OUTPUT: {"token":"cQ2xkHOwgkzu4hXnVxmSRVloh6u6mboO","points":[9,23,31,39,48,56,61]}
2017-02-09 23:08:01,781 INFO BowlingPointsConsumer.Program - Calculated correctly for INPUT: {"points":[[7,0],[5,3],[10,0],[6,4],[1,0],[0,0],[6,0],[2,8],[2,1]],"token":"8nEB4n8TkIwpS5hPLqLZyqAfdrQIk3in"}, OUTPUT: {"token":"8nEB4n8TkIwpS5hPLqLZyqAfdrQIk3in","points":[7,15,35,46,47,47,53,65,68]}
2017-02-09 23:09:02,912 INFO BowlingPointsConsumer.Program - Calculated correctly for INPUT: {"points":[[6,2]],"token":"WX9d60d1egUdcTiIiPxnvqFg7BaG848h"}, OUTPUT: {"token":"WX9d60d1egUdcTiIiPxnvqFg7BaG848h","points":[8]}
2017-02-09 23:10:03,208 INFO BowlingPointsConsumer.Program - Calculated correctly for INPUT: {"points":[[0,2],[5,5],[0,5]],"token":"hyFRF7UIVFs2oruoECNn3kXeK1ISmslg"}, OUTPUT: {"token":"hyFRF7UIVFs2oruoECNn3kXeK1ISmslg","points":[2,12,17]}
2017-02-09 23:11:02,240 INFO BowlingPointsConsumer.Program - Calculated correctly for INPUT: {"points":[[0,9],[2,1],[0,9],[2,2],[8,2],[0,1],[4,4],[6,4],[4,1],[3,5]],"token":"18NVLNZsGAFALijZI4OyZ3CHa5wNkArV"}, OUTPUT: {"token":"18NVLNZsGAFALijZI4OyZ3CHa5wNkArV","points":[9,12,21,25,35,36,44,58,63,71]}
2017-02-09 23:12:02,243 INFO BowlingPointsConsumer.Program - Calculated correctly for INPUT: {"points":[[1,6],[2,2],[6,1],[5,4],[5,2],[10,0],[6,2],[7,2]],"token":"80b31K5p54cVoijVV3bSHjcNJ7AgEfsw"}, OUTPUT: {"token":"80b31K5p54cVoijVV3bSHjcNJ7AgEfsw","points":[7,11,18,27,34,52,60,69]}
2017-02-09 23:13:01,650 INFO BowlingPointsConsumer.Program - Calculated correctly for INPUT: {"points":[[10,0],[4,4],[10,0],[9,0],[7,0],[8,2],[8,0],[10,0]],"token":"rfPjQvqtPTxjLwDqptAtOdO9u32wuAQn"}, OUTPUT: {"token":"rfPjQvqtPTxjLwDqptAtOdO9u32wuAQn","points":[18,26,45,54,61,79,87,97]}
2017-02-09 23:14:01,369 INFO BowlingPointsConsumer.Program - Calculated correctly for INPUT: {"points":[[10,0],[8,1],[5,5],[10,0],[6,0],[3,6]],"token":"uxuF91ZO21r93ThCG2Qqax8UDsJwCgqx"}, OUTPUT: {"token":"uxuF91ZO21r93ThCG2Qqax8UDsJwCgqx","points":[19,28,48,64,70,79]}
2017-02-09 23:15:03,248 INFO BowlingPointsConsumer.Program - Calculated correctly for INPUT: {"points":[[5,0]],"token":"rNtgD94KRzMHHRnIjBplxAqSV9JCBCiY"}, OUTPUT: {"token":"rNtgD94KRzMHHRnIjBplxAqSV9JCBCiY","points":[5]}
2017-02-09 23:16:01,497 INFO BowlingPointsConsumer.Program - Calculated correctly for INPUT: {"points":[[10,0],[10,0],[10,0],[10,0],[10,0],[10,0],[10,0],[10,0],[10,0],[10,0],[10,10]],"token":"ZpzUiuyv4oXIcmzkiGhhgTKtLUg1Vdva"}, OUTPUT: {"token":"ZpzUiuyv4oXIcmzkiGhhgTKtLUg1Vdva","points":[30,60,90,120,150,180,210,240,270,300]}
2017-02-09 23:17:02,056 INFO BowlingPointsConsumer.Program - Calculated correctly for INPUT: {"points":[[8,1],[7,1],[2,6]],"token":"pT1eDsSUU11c38A3bP4TMsiNdULCvNvz"}, OUTPUT: {"token":"pT1eDsSUU11c38A3bP4TMsiNdULCvNvz","points":[9,17,25]}
2017-02-09 23:18:01,546 INFO BowlingPointsConsumer.Program - Calculated correctly for INPUT: {"points":[[2,8],[7,2],[10,0],[7,2]],"token":"2rE9CtbgRxaWLyE1yzOyAAiD9vtHVNXt"}, OUTPUT: {"token":"2rE9CtbgRxaWLyE1yzOyAAiD9vtHVNXt","points":[17,26,45,54]}
2017-02-09 23:19:02,040 INFO BowlingPointsConsumer.Program - Calculated correctly for INPUT: {"points":[[9,1],[9,0],[7,3],[6,1],[4,2],[9,0],[1,2]],"token":"YWrvwzIuHHremog0OLVgAJ7PkrjUxiU9"}, OUTPUT: {"token":"YWrvwzIuHHremog0OLVgAJ7PkrjUxiU9","points":[19,28,44,51,57,66,69]}
2017-02-09 23:20:01,860 INFO BowlingPointsConsumer.Program - Calculated correctly for INPUT: {"points":[[2,8]],"token":"ztWa9l3IAdjLmdklFzYpv0rq3ld6VYXa"}, OUTPUT: {"token":"ztWa9l3IAdjLmdklFzYpv0rq3ld6VYXa","points":[10]}
2017-02-09 23:21:02,399 INFO BowlingPointsConsumer.Program - Calculated correctly for INPUT: {"points":[[6,3],[9,1],[6,0]],"token":"jHqX8oJwoMQPHFL961yRmPQwJSkxlsuz"}, OUTPUT: {"token":"jHqX8oJwoMQPHFL961yRmPQwJSkxlsuz","points":[9,25,31]}
2017-02-09 23:22:02,153 INFO BowlingPointsConsumer.Program - Calculated correctly for INPUT: {"points":[[6,4],[7,3],[4,5],[9,0],[4,4],[6,1],[4,0],[9,1]],"token":"TMaZiHkl99yLLHDI543pMf3oi9pLYGPa"}, OUTPUT: {"token":"TMaZiHkl99yLLHDI543pMf3oi9pLYGPa","points":[17,31,40,49,57,64,68,78]}
2017-02-09 23:23:01,715 INFO BowlingPointsConsumer.Program - Calculated correctly for INPUT: {"points":[[5,3],[2,2],[6,3],[6,1],[9,1],[8,0],[4,3],[7,3],[1,9]],"token":"75KS2ODLxC81z0BsdNxdjKOUjNDbrV2O"}, OUTPUT: {"token":"75KS2ODLxC81z0BsdNxdjKOUjNDbrV2O","points":[8,12,21,28,46,54,61,72,82]}
2017-02-09 23:24:01,692 INFO BowlingPointsConsumer.Program - Calculated correctly for INPUT: {"points":[[10,0],[10,0],[10,0],[10,0],[10,0],[10,0],[10,0],[10,0],[10,0],[10,0],[10,10]],"token":"aHCvIRn03YwgAHmMilggqCTzq9OwPSZZ"}, OUTPUT: {"token":"aHCvIRn03YwgAHmMilggqCTzq9OwPSZZ","points":[30,60,90,120,150,180,210,240,270,300]}
2017-02-09 23:25:02,412 INFO BowlingPointsConsumer.Program - Calculated correctly for INPUT: {"points":[[3,0]],"token":"JPNS4aPU3qx6fNxuHinZrTz9dFPOUPPy"}, OUTPUT: {"token":"JPNS4aPU3qx6fNxuHinZrTz9dFPOUPPy","points":[3]}
2017-02-09 23:26:02,207 INFO BowlingPointsConsumer.Program - Calculated correctly for INPUT: {"points":[[9,1],[9,0],[0,4],[7,2]],"token":"wzxPbsmrW8YOrYlVopJNiiULp6BfmMqq"}, OUTPUT: {"token":"wzxPbsmrW8YOrYlVopJNiiULp6BfmMqq","points":[19,28,32,41]}
2017-02-09 23:27:02,252 INFO BowlingPointsConsumer.Program - Calculated correctly for INPUT: {"points":[[5,3],[6,4],[1,2],[9,0],[2,1],[3,6],[0,1],[10,0],[8,1]],"token":"zJdeZYqmcvOu2cLS8FqtIlFCNdvIPoM5"}, OUTPUT: {"token":"zJdeZYqmcvOu2cLS8FqtIlFCNdvIPoM5","points":[8,19,22,31,34,43,44,63,72]}
2017-02-09 23:28:01,665 INFO BowlingPointsConsumer.Program - Calculated correctly for INPUT: {"points":[[3,1],[3,4]],"token":"usD3b1EDsHb6YOLDNEG3e5UQXKhQhRqO"}, OUTPUT: {"token":"usD3b1EDsHb6YOLDNEG3e5UQXKhQhRqO","points":[4,11]}
2017-02-09 23:29:02,295 INFO BowlingPointsConsumer.Program - Calculated correctly for INPUT: {"points":[[3,3],[8,0],[3,3],[9,1],[7,2],[6,2],[7,2],[0,8],[3,0]],"token":"Zqu8ctPODOINvP0ZExSON2nV9nm8FniV"}, OUTPUT: {"token":"Zqu8ctPODOINvP0ZExSON2nV9nm8FniV","points":[6,14,20,37,46,54,63,71,74]}
2017-02-09 23:30:01,741 INFO BowlingPointsConsumer.Program - Calculated correctly for INPUT: {"points":[[2,4],[3,6],[1,4],[6,0],[7,1],[4,5],[2,4]],"token":"eYIzTmS2heCrLReMYz8PmG05H8rHY43q"}, OUTPUT: {"token":"eYIzTmS2heCrLReMYz8PmG05H8rHY43q","points":[6,15,20,26,34,43,49]}
2017-02-09 23:31:01,803 INFO BowlingPointsConsumer.Program - Calculated correctly for INPUT: {"points":[[0,9],[7,0],[8,0],[4,0],[6,1],[6,4],[7,1],[2,8],[9,0]],"token":"Xbf6KSMjmI1uyuC0sfwh1cuIpigNxgZP"}, OUTPUT: {"token":"Xbf6KSMjmI1uyuC0sfwh1cuIpigNxgZP","points":[9,16,24,28,35,52,60,79,88]}
2017-02-09 23:32:02,019 INFO BowlingPointsConsumer.Program - Calculated correctly for INPUT: {"points":[[10,0],[10,0],[10,0],[10,0],[10,0],[10,0],[10,0],[10,0],[10,0],[10,0],[10,10]],"token":"lDaer1nfNrHdZ0VULHeUUW3eOcP7p3U6"}, OUTPUT: {"token":"lDaer1nfNrHdZ0VULHeUUW3eOcP7p3U6","points":[30,60,90,120,150,180,210,240,270,300]}
2017-02-09 23:33:02,291 INFO BowlingPointsConsumer.Program - Calculated correctly for INPUT: {"points":[[4,1],[0,5],[5,5],[8,2],[1,1],[5,0],[3,3]],"token":"WH0nSYXoEHcqySrc8bq1ZKi6R4u5I0sb"}, OUTPUT: {"token":"WH0nSYXoEHcqySrc8bq1ZKi6R4u5I0sb","points":[5,10,28,39,41,46,52]}
2017-02-09 23:34:02,037 INFO BowlingPointsConsumer.Program - Calculated correctly for INPUT: {"points":[[7,0],[10,0],[7,3],[0,10],[0,9]],"token":"MCq1zVGcpTSuqWGhFr2VOWhZWy4kKAKN"}, OUTPUT: {"token":"MCq1zVGcpTSuqWGhFr2VOWhZWy4kKAKN","points":[7,27,37,47,56]}
2017-02-09 23:35:02,180 INFO BowlingPointsConsumer.Program - Calculated correctly for INPUT: {"points":[[8,1],[3,4],[4,4],[6,0],[10,0],[10,0],[6,0]],"token":"rt7V28JUvtHU2AAjS28zbEtGVrHbXeVM"}, OUTPUT: {"token":"rt7V28JUvtHU2AAjS28zbEtGVrHbXeVM","points":[9,16,24,30,56,72,78]}
2017-02-09 23:36:01,812 INFO BowlingPointsConsumer.Program - Calculated correctly for INPUT: {"points":[[3,0],[9,1],[1,8],[2,7],[8,0],[9,1]],"token":"5esC9pJS2poXojnlUPrXXtd6gtMRLEj1"}, OUTPUT: {"token":"5esC9pJS2poXojnlUPrXXtd6gtMRLEj1","points":[3,14,23,32,40,50]}
2017-02-09 23:37:01,854 INFO BowlingPointsConsumer.Program - Calculated correctly for INPUT: {"points":[[7,2],[6,3],[3,6],[8,1],[9,0],[0,1],[9,0],[10,0]],"token":"wrjMcOCJdQbFMr8y5tiQhnobeypqAwiu"}, OUTPUT: {"token":"wrjMcOCJdQbFMr8y5tiQhnobeypqAwiu","points":[9,18,27,36,45,46,55,65]}
2017-02-09 23:38:02,190 INFO BowlingPointsConsumer.Program - Calculated correctly for INPUT: {"points":[[0,10],[9,0]],"token":"KGoUCsfPbAiCNerGuYFva16Ij7b70cpR"}, OUTPUT: {"token":"KGoUCsfPbAiCNerGuYFva16Ij7b70cpR","points":[19,28]}
2017-02-09 23:39:02,652 WARN BowlingPointsConsumer.Program - Calculated wrongly for INPUT: {"points":[[1,5],[9,1],[3,0],[1,3],[0,4],[3,6],[0,10],[4,4],[8,2]],"token":"rc7K8cFgSdAhqVeSYOMhQCOQXD0CK4lk"}, OUTPUT: {"token":"rc7K8cFgSdAhqVeSYOMhQCOQXD0CK4lk","points":[6,19,22,26,30,39,53,61]}
2017-02-09 23:40:02,130 INFO BowlingPointsConsumer.Program - Calculated correctly for INPUT: {"points":[[2,5],[6,1],[2,7],[4,3],[5,2],[8,0],[1,9],[7,0]],"token":"6UnYII6c0VX8PfJBBIkaCZEFIx13Vrr4"}, OUTPUT: {"token":"6UnYII6c0VX8PfJBBIkaCZEFIx13Vrr4","points":[7,14,23,30,37,45,62,69]}
2017-02-09 23:41:02,242 INFO BowlingPointsConsumer.Program - Calculated correctly for INPUT: {"points":[[0,1],[3,0],[3,1],[7,3],[4,1],[3,5]],"token":"0IZaZsuwe7PPATiaNH40XrzigYChfBBl"}, OUTPUT: {"token":"0IZaZsuwe7PPATiaNH40XrzigYChfBBl","points":[1,4,8,22,27,35]}
2017-02-09 23:42:02,595 INFO BowlingPointsConsumer.Program - Calculated correctly for INPUT: {"points":[[2,2],[9,0],[4,5],[6,2],[7,1]],"token":"klbmoEz4NqRsORQh63Jyvh1q3TPMONa4"}, OUTPUT: {"token":"klbmoEz4NqRsORQh63Jyvh1q3TPMONa4","points":[4,13,22,30,38]}
2017-02-09 23:43:07,056 INFO BowlingPointsConsumer.Program - Calculated correctly for INPUT: {"points":[[10,0],[4,5],[5,0],[9,1],[4,6],[8,0]],"token":"lh5f3tgXuH0kG8aPpNx463VOEe1xTMyY"}, OUTPUT: {"token":"lh5f3tgXuH0kG8aPpNx463VOEe1xTMyY","points":[19,28,33,47,65,73]}
2017-02-09 23:44:02,352 INFO BowlingPointsConsumer.Program - Calculated correctly for INPUT: {"points":[[7,1],[0,10],[3,6],[2,1]],"token":"9X1QooPulAvg0tO19DEAaoiqdghv8YTF"}, OUTPUT: {"token":"9X1QooPulAvg0tO19DEAaoiqdghv8YTF","points":[8,21,30,33]}
2017-02-09 23:45:01,989 INFO BowlingPointsConsumer.Program - Calculated correctly for INPUT: {"points":[[7,2],[4,4],[0,9],[9,0],[10,0],[1,3],[4,5],[1,7]],"token":"0GiGQOwsMaVvMoGGzpuu52hQCIqHRdVg"}, OUTPUT: {"token":"0GiGQOwsMaVvMoGGzpuu52hQCIqHRdVg","points":[9,17,26,35,49,53,62,70]}
2017-02-09 23:46:02,963 INFO BowlingPointsConsumer.Program - Calculated correctly for INPUT: {"points":[[10,0],[10,0],[10,0],[10,0],[10,0],[10,0],[10,0],[10,0],[10,0],[10,0],[10,10]],"token":"XOUSN2eTq918n8kE3kMOtgNKcf2UC2Ko"}, OUTPUT: {"token":"XOUSN2eTq918n8kE3kMOtgNKcf2UC2Ko","points":[30,60,90,120,150,180,210,240,270,300]}
2017-02-09 23:47:02,244 WARN BowlingPointsConsumer.Program - Calculated wrongly for INPUT: {"points":[[4,6],[0,6],[8,0],[0,3],[4,4],[5,1]],"token":"5EdTlQGTeKhqehMrUZ29N5HAgVhgM4cg"}, OUTPUT: {"token":"5EdTlQGTeKhqehMrUZ29N5HAgVhgM4cg","points":[6,14,17,25,31]}
2017-02-09 23:48:01,726 WARN BowlingPointsConsumer.Program - Calculated wrongly for INPUT: {"points":[[4,6],[0,7],[9,0],[4,6],[7,1],[4,6],[1,1],[5,5]],"token":"uTQFzKbE9JaaCeLTeZQjZKBJqp8bg7Bb"}, OUTPUT: {"token":"uTQFzKbE9JaaCeLTeZQjZKBJqp8bg7Bb","points":[7,16,33,41,52,54]}
2017-02-09 23:49:02,447 WARN BowlingPointsConsumer.Program - Calculated wrongly for INPUT: {"points":[[6,1],[10,0],[5,1],[9,1]],"token":"ainoF6FR6xCcEPPDwSv94QgmnMsPIRtB"}, OUTPUT: {"token":"ainoF6FR6xCcEPPDwSv94QgmnMsPIRtB","points":[7,23,29]}
2017-02-09 23:50:02,475 INFO BowlingPointsConsumer.Program - Calculated correctly for INPUT: {"points":[[0,4],[5,4],[6,2]],"token":"UFYmfsEEP7gmNu9e7XdBJE0d8fcZsimK"}, OUTPUT: {"token":"UFYmfsEEP7gmNu9e7XdBJE0d8fcZsimK","points":[4,13,21]}
2017-02-09 23:51:02,091 INFO BowlingPointsConsumer.Program - Calculated correctly for INPUT: {"points":[[5,1],[3,3],[5,2]],"token":"XicXnvymFbmETP5xAVOVEXheq1BjaIug"}, OUTPUT: {"token":"XicXnvymFbmETP5xAVOVEXheq1BjaIug","points":[6,12,19]}
2017-02-09 23:52:01,954 INFO BowlingPointsConsumer.Program - Calculated correctly for INPUT: {"points":[[3,2]],"token":"EbFOftvklBFd3wsIytv2Lr8ApO3Fwl4Z"}, OUTPUT: {"token":"EbFOftvklBFd3wsIytv2Lr8ApO3Fwl4Z","points":[5]}
2017-02-09 23:53:01,732 WARN BowlingPointsConsumer.Program - Calculated wrongly for INPUT: {"points":[[0,2],[10,0],[6,3],[10,0]],"token":"vF1GsR3wEhg8aARhlCcCFqpFZxoTjzSn"}, OUTPUT: {"token":"vF1GsR3wEhg8aARhlCcCFqpFZxoTjzSn","points":[2,21,30]}
2017-02-09 23:54:01,835 INFO BowlingPointsConsumer.Program - Calculated correctly for INPUT: {"points":[[2,0],[7,1]],"token":"csGBhJX8e6oa58iBuVhjvRm6MuxZ17Q8"}, OUTPUT: {"token":"csGBhJX8e6oa58iBuVhjvRm6MuxZ17Q8","points":[2,10]}
2017-02-09 23:55:02,309 WARN BowlingPointsConsumer.Program - Calculated wrongly for INPUT: {"points":[[10,0]],"token":"qZdLF2b0hM2SPjzJKnBxSQ1J54wX4dcn"}, OUTPUT: {"token":"qZdLF2b0hM2SPjzJKnBxSQ1J54wX4dcn","points":[]}
