2017-02-11 21:01:02,726 WARN BowlingPointsConsumer.Program - Calculated wrongly for INPUT: {"points":[[1,9],[7,3]],"token":"6KC8JNM0NvJePMkFk2mfcvu8G0dqIzho"}, OUTPUT: {"token":"6KC8JNM0NvJePMkFk2mfcvu8G0dqIzho","points":[17]}
2017-02-11 21:03:02,386 WARN BowlingPointsConsumer.Program - Calculated wrongly for INPUT: {"points":[[2,7],[0,3],[9,0],[6,4]],"token":"mKrvcHSLoGtlH6h8RTfyIUfSeUZjV3FY"}, OUTPUT: {"token":"mKrvcHSLoGtlH6h8RTfyIUfSeUZjV3FY","points":[9,12,21]}
2017-02-11 21:07:02,196 WARN BowlingPointsConsumer.Program - Calculated wrongly for INPUT: {"points":[[9,1],[4,5],[1,3],[9,1],[0,0],[4,1],[0,1],[10,0],[10,0]],"token":"xewmtTl3ITfQAl1c1fSKE68oAWj1BRQE"}, OUTPUT: {"token":"xewmtTl3ITfQAl1c1fSKE68oAWj1BRQE","points":[14,23,27,37,37,42,43]}
2017-02-11 21:08:02,202 WARN BowlingPointsConsumer.Program - Calculated wrongly for INPUT: {"points":[[3,7],[8,0],[7,2],[0,4],[2,3],[10,0]],"token":"42oAJaXYLftI6i1tEeNjWW0V5UNClvuS"}, OUTPUT: {"token":"42oAJaXYLftI6i1tEeNjWW0V5UNClvuS","points":[18,26,35,39,44]}
2017-02-11 21:11:02,141 WARN BowlingPointsConsumer.Program - Calculated wrongly for INPUT: {"points":[[0,1],[7,0],[7,3],[5,5],[1,3],[10,0]],"token":"JoUyxlnnvbnWzFFc0CMP3IMHT7RFAwEa"}, OUTPUT: {"token":"JoUyxlnnvbnWzFFc0CMP3IMHT7RFAwEa","points":[1,8,23,34,38]}
2017-02-11 21:25:02,352 WARN BowlingPointsConsumer.Program - Calculated wrongly for INPUT: {"points":[[9,1],[4,1],[10,0],[4,1],[9,0],[10,0]],"token":"Sn3uyhUf8Q3GDLajyKEaCuuWNuzzyhvr"}, OUTPUT: {"token":"Sn3uyhUf8Q3GDLajyKEaCuuWNuzzyhvr","points":[14,19,34,39,48]}
2017-02-11 21:51:02,412 WARN BowlingPointsConsumer.Program - Calculated wrongly for INPUT: {"points":[[4,2],[0,7],[3,0],[7,3],[3,3],[9,1],[2,8],[9,1]],"token":"M4hfEoEKZ9sNwnZkcWkQu5emabclQkzU"}, OUTPUT: {"token":"M4hfEoEKZ9sNwnZkcWkQu5emabclQkzU","points":[6,13,16,29,35,47,66]}
2017-02-11 22:19:01,946 WARN BowlingPointsConsumer.Program - Calculated wrongly for INPUT: {"points":[[7,2],[0,5],[6,3],[8,2]],"token":"n7oVBaG1xLchWTyEMqh5LHgMnCosMboc"}, OUTPUT: {"token":"n7oVBaG1xLchWTyEMqh5LHgMnCosMboc","points":[9,14,23]}
2017-02-12 21:12:02,054 WARN BowlingPointsConsumer.Program - Calculated wrongly for INPUT: {"points":[[9,1],[2,2],[7,3],[7,0],[5,2],[7,0],[8,2]],"token":"FbPfxkLUkCh4Zm7BOxrbFfrzWWYgSkNT"}, OUTPUT: {"token":"FbPfxkLUkCh4Zm7BOxrbFfrzWWYgSkNT","points":[12,16,33,40,47,54]}
2017-02-12 21:13:01,744 INFO BowlingPointsConsumer.Program - Calculated CORRECTLY for Input: {"points":[[2,5]],"token":"xtlYKZUvnfCj0h48Tnx8yJauufEHxvBH"}, Output: {"token":"xtlYKZUvnfCj0h48Tnx8yJauufEHxvBH","points":[7]}
2017-02-12 21:14:01,924 INFO BowlingPointsConsumer.Program - Calculated CORRECTLY for Input: {"points":[[0,4]],"token":"24yI7qfn15tdI90zaxoF323FlT05LTCZ"}, Output: {"token":"24yI7qfn15tdI90zaxoF323FlT05LTCZ","points":[4]}
2017-02-12 21:15:02,077 INFO BowlingPointsConsumer.Program - Calculated CORRECTLY for Input: {"points":[[8,2],[1,9],[3,6],[2,4],[9,0],[4,4],[7,0],[3,3],[0,5]],"token":"Ykuynr42ukNG3MfGfgpod4yxfz6WHDTj"}, Output: {"token":"Ykuynr42ukNG3MfGfgpod4yxfz6WHDTj","points":[11,24,33,39,48,56,63,69,74]}
2017-02-12 21:16:01,928 INFO BowlingPointsConsumer.Program - Calculated CORRECTLY for Input: {"points":[[3,0],[5,4],[3,3],[8,0],[1,5]],"token":"xe1Wk4Ql2UKKXa5TWQLsjba7Ue29q8Np"}, Output: {"token":"xe1Wk4Ql2UKKXa5TWQLsjba7Ue29q8Np","points":[3,12,18,26,32]}
2017-02-12 21:17:02,036 INFO BowlingPointsConsumer.Program - Calculated CORRECTLY for Input: {"points":[[10,0],[10,0],[10,0],[10,0],[10,0],[10,0],[10,0],[10,0],[10,0],[10,0],[10,10]],"token":"JfnzR15xWE6yhQU1TLor7R7LqGRtrHbL"}, Output: {"token":"JfnzR15xWE6yhQU1TLor7R7LqGRtrHbL","points":[30,60,90,120,150,180,210,240,270,300]}
2017-02-12 21:18:02,259 WARN BowlingPointsConsumer.Program - Calculated WRONGLY for Input: {"points":[[3,3],[7,3],[8,1],[9,0],[3,5],[8,0],[7,3],[10,0]],"token":"r4vAroazJFgQUHjEhuafJzlL4q3rLZW3"}, Output: {"token":"r4vAroazJFgQUHjEhuafJzlL4q3rLZW3","points":[6,24,33,42,50,58,78]}
2017-02-12 21:19:02,004 INFO BowlingPointsConsumer.Program - Calculated CORRECTLY for Input: {"points":[[1,0],[10,0],[2,8],[4,1],[1,3],[1,6]],"token":"DqepSXm7BndX8NqI7wAJV63OPH0siSZD"}, Output: {"token":"DqepSXm7BndX8NqI7wAJV63OPH0siSZD","points":[1,21,35,40,44,51]}
2017-02-12 21:20:02,466 INFO BowlingPointsConsumer.Program - Calculated CORRECTLY for Input: {"points":[[5,3],[7,3],[2,7],[6,1]],"token":"HwteylYok41Cq4SgJIZsqEsJcATHK2bY"}, Output: {"token":"HwteylYok41Cq4SgJIZsqEsJcATHK2bY","points":[8,20,29,36]}
2017-02-12 21:21:01,826 INFO BowlingPointsConsumer.Program - Calculated CORRECTLY for Input: {"points":[[6,3],[5,5],[3,1],[0,6],[7,0],[0,4],[8,1],[8,1],[2,4]],"token":"MK3s2rFz2BiiJEWj4V15e0zLs4faZhwd"}, Output: {"token":"MK3s2rFz2BiiJEWj4V15e0zLs4faZhwd","points":[9,22,26,32,39,43,52,61,67]}
2017-02-12 21:22:02,004 WARN BowlingPointsConsumer.Program - Calculated WRONGLY for Input: {"points":[[10,0],[8,1],[0,1],[5,3],[10,0],[10,0]],"token":"rMAn4CdCzfBLLLLZVOaeTfJMqIVi2ZxN"}, Output: {"token":"rMAn4CdCzfBLLLLZVOaeTfJMqIVi2ZxN","points":[19,28,29,37]}
2017-02-12 21:23:02,200 INFO BowlingPointsConsumer.Program - Calculated CORRECTLY for Input: {"points":[[6,0],[5,5],[7,1],[9,1],[1,8],[2,1],[1,2]],"token":"PhagzpqiO2dn6LZhV8NAfzup3yfca79S"}, Output: {"token":"PhagzpqiO2dn6LZhV8NAfzup3yfca79S","points":[6,23,31,42,51,54,57]}
2017-02-12 21:24:01,894 INFO BowlingPointsConsumer.Program - Calculated CORRECTLY for Input: {"points":[[10,0],[8,2],[2,4],[7,0],[6,2],[5,1],[2,8],[1,4],[1,1]],"token":"SreUNti6EhHO7wWXtkMqdIHrIedEDjqx"}, Output: {"token":"SreUNti6EhHO7wWXtkMqdIHrIedEDjqx","points":[20,32,38,45,53,59,70,75,77]}
2017-02-12 21:25:01,856 INFO BowlingPointsConsumer.Program - Calculated CORRECTLY for Input: {"points":[[1,4],[3,2],[5,1],[2,6],[2,6],[10,0],[10,0],[0,6],[2,0],[4,0]],"token":"guXfGWxF4vvtqQ52dbiL2YfLalvjEXvd"}, Output: {"token":"guXfGWxF4vvtqQ52dbiL2YfLalvjEXvd","points":[5,10,16,24,32,52,68,74,76,80]}
2017-02-12 21:26:02,202 INFO BowlingPointsConsumer.Program - Calculated CORRECTLY for Input: {"points":[[7,2],[0,0],[9,1],[7,2],[4,6],[5,5],[1,0],[9,1],[1,3]],"token":"qS4JWUPtlGmRYWQTdBerxWFwfgxDade9"}, Output: {"token":"qS4JWUPtlGmRYWQTdBerxWFwfgxDade9","points":[9,9,26,35,50,61,62,73,77]}
2017-02-12 21:27:01,923 INFO BowlingPointsConsumer.Program - Calculated CORRECTLY for Input: {"points":[[2,1]],"token":"4nl0tm9SkL5lBmFw4WIIZh2T7Utsh9CM"}, Output: {"token":"4nl0tm9SkL5lBmFw4WIIZh2T7Utsh9CM","points":[3]}
2017-02-12 21:28:01,958 WARN BowlingPointsConsumer.Program - Calculated WRONGLY for Input: {"points":[[1,9],[10,0],[8,2],[7,2],[10,0]],"token":"UtAGIr4qatqGD95KIdWXREYCXnwVu5zJ"}, Output: {"token":"UtAGIr4qatqGD95KIdWXREYCXnwVu5zJ","points":[20,40,57,66]}
2017-02-12 21:29:02,027 INFO BowlingPointsConsumer.Program - Calculated CORRECTLY for Input: {"points":[[10,0],[10,0],[10,0],[10,0],[10,0],[10,0],[10,0],[10,0],[10,0],[10,0],[10,10]],"token":"P7Du0x9fWyF98jacktWJRgm8M1xq2LRp"}, Output: {"token":"P7Du0x9fWyF98jacktWJRgm8M1xq2LRp","points":[30,60,90,120,150,180,210,240,270,300]}
2017-02-12 21:30:02,139 INFO BowlingPointsConsumer.Program - Calculated CORRECTLY for Input: {"points":[[10,0],[10,0],[10,0],[10,0],[10,0],[10,0],[10,0],[10,0],[10,0],[10,0],[10,10]],"token":"xHjsN4e3O1ORBKydSA9TAK4tp25O79P3"}, Output: {"token":"xHjsN4e3O1ORBKydSA9TAK4tp25O79P3","points":[30,60,90,120,150,180,210,240,270,300]}
2017-02-12 21:31:01,914 INFO BowlingPointsConsumer.Program - Calculated CORRECTLY for Input: {"points":[[1,6],[5,2]],"token":"PgCR3hoOQloplDCXyxAJgnSOC9zQQjid"}, Output: {"token":"PgCR3hoOQloplDCXyxAJgnSOC9zQQjid","points":[7,14]}
2017-02-12 21:32:02,522 INFO BowlingPointsConsumer.Program - Calculated CORRECTLY for Input: {"points":[[7,3],[3,7],[0,4],[1,8],[6,4],[4,4],[9,0],[1,5]],"token":"vLSoaitGv4EpsTdUQ1QWtcIozbf3X7YA"}, Output: {"token":"vLSoaitGv4EpsTdUQ1QWtcIozbf3X7YA","points":[13,23,27,36,50,58,67,73]}
2017-02-12 21:33:02,277 INFO BowlingPointsConsumer.Program - Calculated CORRECTLY for Input: {"points":[[10,0],[10,0],[10,0],[10,0],[10,0],[10,0],[10,0],[10,0],[10,0],[10,0],[10,10]],"token":"XseqmpJdGisPHtG7rxoKERskch6yKJu2"}, Output: {"token":"XseqmpJdGisPHtG7rxoKERskch6yKJu2","points":[30,60,90,120,150,180,210,240,270,300]}
2017-02-12 21:34:02,114 INFO BowlingPointsConsumer.Program - Calculated CORRECTLY for Input: {"points":[[0,4],[1,0],[5,0],[6,3],[1,0]],"token":"a3ls1EBHQSogDxECajWsLKW6GYjR8kiE"}, Output: {"token":"a3ls1EBHQSogDxECajWsLKW6GYjR8kiE","points":[4,5,10,19,20]}
2017-02-12 21:35:01,896 INFO BowlingPointsConsumer.Program - Calculated CORRECTLY for Input: {"points":[[4,2],[5,3],[4,2],[3,4],[7,3],[5,2],[4,1],[4,5],[1,4]],"token":"XhOMKyQyRTMFHdrMr0aCasudPPHyrZ3c"}, Output: {"token":"XhOMKyQyRTMFHdrMr0aCasudPPHyrZ3c","points":[6,14,20,27,42,49,54,63,68]}
2017-02-12 21:36:02,227 WARN BowlingPointsConsumer.Program - Calculated WRONGLY for Input: {"points":[[4,1],[8,1],[4,4],[2,5],[1,9]],"token":"y63qc4GraJCbrLYRLomsVHCkvsBQ0RkV"}, Output: {"token":"y63qc4GraJCbrLYRLomsVHCkvsBQ0RkV","points":[5,14,22,29]}
2017-02-12 21:37:02,130 WARN BowlingPointsConsumer.Program - Calculated WRONGLY for Input: {"points":[[5,5],[5,2],[9,0],[4,3],[0,3],[4,1],[6,2],[10,0]],"token":"9Ysl9ovZeDxfdysdK3g15x126QruA8UN"}, Output: {"token":"9Ysl9ovZeDxfdysdK3g15x126QruA8UN","points":[15,22,31,38,41,46,54]}
2017-02-12 21:38:02,038 INFO BowlingPointsConsumer.Program - Calculated CORRECTLY for Input: {"points":[[3,6],[1,7]],"token":"em0Jlq43zaleCNz4LkQPF0y4nDFL3eGd"}, Output: {"token":"em0Jlq43zaleCNz4LkQPF0y4nDFL3eGd","points":[9,17]}
2017-02-12 21:39:01,961 INFO BowlingPointsConsumer.Program - Calculated CORRECTLY for Input: {"points":[[4,2],[9,1],[3,0],[1,3],[2,2],[1,4],[4,1],[4,6],[2,7]],"token":"1xLZwOP6SlD5YSH80Xc3SISFQYuCwfiY"}, Output: {"token":"1xLZwOP6SlD5YSH80Xc3SISFQYuCwfiY","points":[6,19,22,26,30,35,40,52,61]}
2017-02-12 21:40:02,398 INFO BowlingPointsConsumer.Program - Calculated CORRECTLY for Input: {"points":[[0,6],[5,5],[1,9],[2,6],[5,4]],"token":"WiN9BJEoNrpziRMyV4TDot9YF3nvxwDL"}, Output: {"token":"WiN9BJEoNrpziRMyV4TDot9YF3nvxwDL","points":[6,17,29,37,46]}
2017-02-12 21:41:02,095 INFO BowlingPointsConsumer.Program - Calculated CORRECTLY for Input: {"points":[[0,3],[0,5],[10,0],[1,0],[2,8],[8,1]],"token":"3t1fMepTHpTVNzbwDpi3LR1hOdVkmxN3"}, Output: {"token":"3t1fMepTHpTVNzbwDpi3LR1hOdVkmxN3","points":[3,8,19,20,38,47]}
2017-02-12 21:42:02,194 INFO BowlingPointsConsumer.Program - Calculated CORRECTLY for Input: {"points":[[9,1],[8,0],[10,0],[1,6],[0,3],[6,4],[9,0],[7,1],[5,3],[8,2],[1,0]],"token":"d0RuBTuyZEXQX0u5UnPHmZKtTgSaGcCX"}, Output: {"token":"d0RuBTuyZEXQX0u5UnPHmZKtTgSaGcCX","points":[18,26,43,50,53,72,81,89,97,108]}
2017-02-12 21:43:01,960 INFO BowlingPointsConsumer.Program - Calculated CORRECTLY for Input: {"points":[[3,6]],"token":"SewzsYwEFwUHuUKdRgciwXuTaipfFnV4"}, Output: {"token":"SewzsYwEFwUHuUKdRgciwXuTaipfFnV4","points":[9]}
2017-02-12 21:44:01,986 INFO BowlingPointsConsumer.Program - Calculated CORRECTLY for Input: {"points":[[2,5],[6,2],[10,0],[7,0]],"token":"mgM9qh1nUxio3qddv5xJaQ7WF3YjaHQ0"}, Output: {"token":"mgM9qh1nUxio3qddv5xJaQ7WF3YjaHQ0","points":[7,15,32,39]}
2017-02-12 21:45:02,104 INFO BowlingPointsConsumer.Program - Calculated CORRECTLY for Input: {"points":[[4,4],[9,1],[5,2]],"token":"idBShg2dBoz5IHvuvlsnNY88JgGIny5K"}, Output: {"token":"idBShg2dBoz5IHvuvlsnNY88JgGIny5K","points":[8,23,30]}
2017-02-12 21:46:02,148 WARN BowlingPointsConsumer.Program - Calculated WRONGLY for Input: {"points":[[1,8],[0,0],[0,10]],"token":"nDvploU3tCJVrjRfQ8CpARONIlJppmmA"}, Output: {"token":"nDvploU3tCJVrjRfQ8CpARONIlJppmmA","points":[9,9]}
2017-02-12 21:47:02,138 WARN BowlingPointsConsumer.Program - Calculated WRONGLY for Input: {"points":[[2,2],[0,6],[10,0],[1,1],[4,3],[10,0],[1,3],[6,0],[10,0]],"token":"3flWJOYbqK4UwKN0zwanrAk49O8VBOqf"}, Output: {"token":"3flWJOYbqK4UwKN0zwanrAk49O8VBOqf","points":[4,10,22,24,31,45,49,55]}
2017-02-12 21:48:01,935 INFO BowlingPointsConsumer.Program - Calculated CORRECTLY for Input: {"points":[[8,0],[0,7],[6,1]],"token":"hFBx0KWYGWbvpOeYMqMMZl07vRSHTUFF"}, Output: {"token":"hFBx0KWYGWbvpOeYMqMMZl07vRSHTUFF","points":[8,15,22]}
2017-02-12 21:49:02,201 INFO BowlingPointsConsumer.Program - Calculated CORRECTLY for Input: {"points":[[10,0],[10,0],[10,0],[10,0],[10,0],[10,0],[10,0],[10,0],[10,0],[10,0],[10,10]],"token":"2hCGVx4yU3JhSBk5x3iJoeADanbuBdfM"}, Output: {"token":"2hCGVx4yU3JhSBk5x3iJoeADanbuBdfM","points":[30,60,90,120,150,180,210,240,270,300]}
2017-02-12 21:50:01,865 INFO BowlingPointsConsumer.Program - Calculated CORRECTLY for Input: {"points":[[0,3]],"token":"JBxXfnNc8QlcEUNTfirB4Sl3iOapJ9vz"}, Output: {"token":"JBxXfnNc8QlcEUNTfirB4Sl3iOapJ9vz","points":[3]}
2017-02-12 21:51:02,128 INFO BowlingPointsConsumer.Program - Calculated CORRECTLY for Input: {"points":[[2,4],[4,3],[1,6],[1,7],[0,0],[6,3],[2,7],[8,1]],"token":"fZl67CpLIPcXh6x5MeuruFmm7g0HxLzh"}, Output: {"token":"fZl67CpLIPcXh6x5MeuruFmm7g0HxLzh","points":[6,13,20,28,28,37,46,55]}
2017-02-12 21:52:01,983 INFO BowlingPointsConsumer.Program - Calculated CORRECTLY for Input: {"points":[[9,1],[5,0],[5,3],[3,1],[4,1],[2,1],[7,3],[8,1],[7,3],[3,7],[4,0]],"token":"oN5pXY2qnlxvJUpV91aqFBuAO6P2wInT"}, Output: {"token":"oN5pXY2qnlxvJUpV91aqFBuAO6P2wInT","points":[15,20,28,32,37,40,58,67,80,94]}
2017-02-12 21:53:01,936 INFO BowlingPointsConsumer.Program - Calculated CORRECTLY for Input: {"points":[[0,9],[4,2],[7,0],[2,8],[4,1],[5,2],[4,4],[5,5],[0,4]],"token":"9b7yVYfL0tO2IhxupKqkRP8XiZ2JWbhA"}, Output: {"token":"9b7yVYfL0tO2IhxupKqkRP8XiZ2JWbhA","points":[9,15,22,36,41,48,56,66,70]}
2017-02-12 21:54:01,817 INFO BowlingPointsConsumer.Program - Calculated CORRECTLY for Input: {"points":[[1,9],[0,4],[6,4],[7,2],[6,1],[9,0]],"token":"f9zFUF8oa5Vp9rFN0qexDBvAIRno7s99"}, Output: {"token":"f9zFUF8oa5Vp9rFN0qexDBvAIRno7s99","points":[10,14,31,40,47,56]}
2017-02-12 21:55:02,003 WARN BowlingPointsConsumer.Program - Calculated WRONGLY for Input: {"points":[[5,4],[4,6],[7,1],[1,5],[2,5],[6,3],[2,8],[9,1]],"token":"K3oAZzU8VZXU4Jyvcxu5ihmJqnK4pxE5"}, Output: {"token":"K3oAZzU8VZXU4Jyvcxu5ihmJqnK4pxE5","points":[9,26,34,40,47,56,75]}
2017-02-12 21:56:01,629 INFO BowlingPointsConsumer.Program - Calculated CORRECTLY for Input: {"points":[[8,0],[4,5],[1,4],[9,0],[8,1]],"token":"SDIr3cgxbDUwV44eK73cWXc4OjLxTqRZ"}, Output: {"token":"SDIr3cgxbDUwV44eK73cWXc4OjLxTqRZ","points":[8,17,22,31,40]}
2017-02-12 21:57:01,758 INFO BowlingPointsConsumer.Program - Calculated CORRECTLY for Input: {"points":[[9,0]],"token":"XCeIOBxs5Cf0i7p0HQcWjxtpPurCVmKc"}, Output: {"token":"XCeIOBxs5Cf0i7p0HQcWjxtpPurCVmKc","points":[9]}
2017-02-12 21:58:02,421 INFO BowlingPointsConsumer.Program - Calculated CORRECTLY for Input: {"points":[[9,1],[9,1],[4,3]],"token":"BCuhN0S2gKNdkO7JX9cAQGJZ4cUz0G5z"}, Output: {"token":"BCuhN0S2gKNdkO7JX9cAQGJZ4cUz0G5z","points":[19,33,40]}
2017-02-12 21:59:02,135 INFO BowlingPointsConsumer.Program - Calculated CORRECTLY for Input: {"points":[[4,5],[2,1],[3,5],[10,0],[6,3]],"token":"lrPOmGr34OAlnxUjUSPMtZYtt7VIAK8F"}, Output: {"token":"lrPOmGr34OAlnxUjUSPMtZYtt7VIAK8F","points":[9,12,20,39,48]}
2017-02-12 22:00:02,113 WARN BowlingPointsConsumer.Program - Calculated WRONGLY for Input: {"points":[[5,0],[2,1],[2,3],[0,7],[7,2],[0,0],[2,4],[10,0]],"token":"X98B6ri13iUB6VknPcINwDhbKuUCC8wh"}, Output: {"token":"X98B6ri13iUB6VknPcINwDhbKuUCC8wh","points":[5,8,13,20,29,29,35]}
2017-02-12 22:01:01,963 INFO BowlingPointsConsumer.Program - Calculated CORRECTLY for Input: {"points":[[10,0],[10,0],[10,0],[10,0],[10,0],[10,0],[10,0],[10,0],[10,0],[10,0],[10,10]],"token":"zsGaLSRRdxyIUgqpUXeoW0QqRgQl22vC"}, Output: {"token":"zsGaLSRRdxyIUgqpUXeoW0QqRgQl22vC","points":[30,60,90,120,150,180,210,240,270,300]}
2017-02-12 22:02:02,002 INFO BowlingPointsConsumer.Program - Calculated CORRECTLY for Input: {"points":[[2,2]],"token":"qwZ0YdYX7pC6ihUfCVEVi8iEdCJA6XHf"}, Output: {"token":"qwZ0YdYX7pC6ihUfCVEVi8iEdCJA6XHf","points":[4]}
2017-02-12 22:03:01,948 INFO BowlingPointsConsumer.Program - Calculated CORRECTLY for Input: {"points":[[5,4],[4,6],[4,3],[4,1],[7,0],[10,0],[0,4],[5,1],[6,4],[7,2]],"token":"sP0t5AJoWV4lqxXpWwY4pWiAfB4R1AVd"}, Output: {"token":"sP0t5AJoWV4lqxXpWwY4pWiAfB4R1AVd","points":[9,23,30,35,42,56,60,66,83,92]}
2017-02-12 22:04:01,856 INFO BowlingPointsConsumer.Program - Calculated CORRECTLY for Input: {"points":[[3,3],[4,3],[10,0],[8,2],[7,1]],"token":"Y3cAh1d6ygWmCPXBgh6fJcQZyInQTejz"}, Output: {"token":"Y3cAh1d6ygWmCPXBgh6fJcQZyInQTejz","points":[6,13,33,50,58]}
2017-02-12 22:05:02,026 INFO BowlingPointsConsumer.Program - Calculated CORRECTLY for Input: {"points":[[7,0]],"token":"YSnDchPb4r3uX8WgOLCq3mjTJGSYpBDU"}, Output: {"token":"YSnDchPb4r3uX8WgOLCq3mjTJGSYpBDU","points":[7]}
2017-02-12 22:06:02,218 INFO BowlingPointsConsumer.Program - Calculated CORRECTLY for Input: {"points":[[0,6],[8,2],[3,7],[0,1]],"token":"ODh10yoS2Nd0C0A1zSQMm1h5R09l9oW5"}, Output: {"token":"ODh10yoS2Nd0C0A1zSQMm1h5R09l9oW5","points":[6,19,29,30]}
2017-02-12 22:26:39,357 INFO BowlingPointsConsumer.Program - Calculated CORRECTLY for Input: {"points":[[4,4],[6,2],[3,2],[5,3]],"token":"fiXd30HnIadvzpmOmZKYx9ypemdHSklo"}, Output: {"token":"fiXd30HnIadvzpmOmZKYx9ypemdHSklo","points":[8,16,21,29]}
2017-02-12 22:27:01,953 INFO BowlingPointsConsumer.Program - Calculated CORRECTLY for Input: {"points":[[10,0],[8,2],[7,2],[9,0],[10,0],[4,1],[5,5],[8,2],[2,5],[0,10],[3,0]],"token":"yfgdMZ7A8A5vUYnI4KYoSmJnN0t6TY9k"}, Output: {"token":"yfgdMZ7A8A5vUYnI4KYoSmJnN0t6TY9k","points":[20,37,46,55,70,75,93,105,112,125]}
2017-02-12 22:28:01,847 WARN BowlingPointsConsumer.Program - Calculated WRONGLY for Input: {"points":[[8,1],[1,4],[7,3],[7,2],[10,0]],"token":"Y2Hkz9NRATPQkNYS4xlkBlhy1eqLrcbk"}, Output: {"token":"Y2Hkz9NRATPQkNYS4xlkBlhy1eqLrcbk","points":[9,14,31,40]}
2017-02-12 22:29:02,006 INFO BowlingPointsConsumer.Program - Calculated CORRECTLY for Input: {"points":[[8,0],[4,3],[5,4]],"token":"B5YRd3IgmnIADBJTJvd8r6K0xIdkgXHk"}, Output: {"token":"B5YRd3IgmnIADBJTJvd8r6K0xIdkgXHk","points":[8,15,24]}
2017-02-12 22:30:01,930 INFO BowlingPointsConsumer.Program - Calculated CORRECTLY for Input: {"points":[[0,2],[0,0]],"token":"X92x3fO1GD67DjDH0u6zY8Gi03L1LW8I"}, Output: {"token":"X92x3fO1GD67DjDH0u6zY8Gi03L1LW8I","points":[2,2]}
2017-02-12 22:31:02,012 INFO BowlingPointsConsumer.Program - Calculated CORRECTLY for Input: {"points":[[3,2],[3,6]],"token":"YigaMaAwzwuuGiDgF71vmC1vpAb8T94P"}, Output: {"token":"YigaMaAwzwuuGiDgF71vmC1vpAb8T94P","points":[5,14]}
2017-02-12 22:32:02,166 WARN BowlingPointsConsumer.Program - Calculated WRONGLY for Input: {"points":[[6,2],[10,0],[9,1],[5,5],[6,0],[0,10],[9,1]],"token":"6AeojzcMB7dL5pauEV02pF5gt0Wi6CoV"}, Output: {"token":"6AeojzcMB7dL5pauEV02pF5gt0Wi6CoV","points":[8,28,43,59,65,84]}
2017-02-12 22:33:01,872 INFO BowlingPointsConsumer.Program - Calculated CORRECTLY for Input: {"points":[[10,0],[10,0],[10,0],[10,0],[10,0],[10,0],[10,0],[10,0],[10,0],[10,0],[10,10]],"token":"EbdIzjN1QGqd85KrdLTVf6A5fhRZEcGh"}, Output: {"token":"EbdIzjN1QGqd85KrdLTVf6A5fhRZEcGh","points":[30,60,90,120,150,180,210,240,270,300]}
2017-02-12 22:34:02,014 INFO BowlingPointsConsumer.Program - Calculated CORRECTLY for Input: {"points":[[10,0],[1,7],[5,0],[5,3],[2,2],[4,4],[7,0]],"token":"2sPuFZo1ixEoGqx1WCM7hzrkBKH28xYf"}, Output: {"token":"2sPuFZo1ixEoGqx1WCM7hzrkBKH28xYf","points":[18,26,31,39,43,51,58]}
2017-02-12 22:35:01,963 INFO BowlingPointsConsumer.Program - Calculated CORRECTLY for Input: {"points":[[0,10],[8,1],[6,0],[10,0],[2,3],[9,1],[1,4]],"token":"YkiLKUuYEajMIQx7TgqnS51ZAmqSBiYM"}, Output: {"token":"YkiLKUuYEajMIQx7TgqnS51ZAmqSBiYM","points":[18,27,33,48,53,64,69]}
2017-02-12 22:36:01,825 INFO BowlingPointsConsumer.Program - Calculated CORRECTLY for Input: {"points":[[3,1],[8,0],[8,1],[4,4]],"token":"Re3xqxMqLDbzK1gANViu4WDhKQ1j5HKI"}, Output: {"token":"Re3xqxMqLDbzK1gANViu4WDhKQ1j5HKI","points":[4,12,21,29]}
2017-02-12 22:37:01,979 WARN BowlingPointsConsumer.Program - Calculated WRONGLY for Input: {"points":[[0,4],[3,7],[4,5],[9,1],[9,1]],"token":"JL15xpqemyMS6dEqklaMKt9TflHHRaV7"}, Output: {"token":"JL15xpqemyMS6dEqklaMKt9TflHHRaV7","points":[4,18,27,46]}
2017-02-12 22:38:01,911 INFO BowlingPointsConsumer.Program - Calculated CORRECTLY for Input: {"points":[[9,1],[7,2]],"token":"vf6LRjnGoDQNxqBkPqZ68odkUPTlAo8S"}, Output: {"token":"vf6LRjnGoDQNxqBkPqZ68odkUPTlAo8S","points":[17,26]}
2017-02-12 22:39:02,016 INFO BowlingPointsConsumer.Program - Calculated CORRECTLY for Input: {"points":[[6,4],[8,0]],"token":"0Xtsuha46RKJqPQftuSypFuoBxmDE3XE"}, Output: {"token":"0Xtsuha46RKJqPQftuSypFuoBxmDE3XE","points":[18,26]}
2017-02-12 22:40:02,242 INFO BowlingPointsConsumer.Program - Calculated CORRECTLY for Input: {"points":[[10,0],[3,1],[9,1],[0,5]],"token":"javDPQVgES7PyywMe3PHLBOqvV7HjHRW"}, Output: {"token":"javDPQVgES7PyywMe3PHLBOqvV7HjHRW","points":[14,18,28,33]}
2017-02-12 22:41:02,116 INFO BowlingPointsConsumer.Program - Calculated CORRECTLY for Input: {"points":[[4,3],[2,3],[4,6],[10,0],[0,9],[4,2],[2,1],[1,4],[6,2]],"token":"udjkNzP4gE7IlhQyYGkRj3MKgC6JJYTn"}, Output: {"token":"udjkNzP4gE7IlhQyYGkRj3MKgC6JJYTn","points":[7,12,32,51,60,66,69,74,82]}
2017-02-13 23:06:30,209 INFO BowlingPointsApplication.Program - Calculated CORRECTLY for Input: {"points":[[10,0],[10,0],[10,0],[10,0],[10,0],[10,0],[10,0],[10,0],[10,0],[10,0],[10,10]],"token":"SNTchy3UIQKAkbyitJoJpJXfw8fJyLvK"}, Output: {"token":"SNTchy3UIQKAkbyitJoJpJXfw8fJyLvK","points":[30,60,90,120,150,180,210,240,270,300]}
